# JRE version: Java(TM) SE Runtime Environment (7.0_71-b14) (build 1.7.0_71-b14)
# Java VM: Java HotSpot(TM) 64-Bit Server VM (24.71-b01 mixed mode windows-amd64 compressed oops)
Heap
 PSYoungGen      total 38912K, used 10329K [0x00000007d5680000, 0x00000007d8180000, 0x0000000800000000)
  eden space 33792K, 15% used [0x00000007d5680000,0x00000007d5b967b8,0x00000007d7780000)
  from space 5120K, 99% used [0x00000007d7c80000,0x00000007d817ff08,0x00000007d8180000)
  to   space 5120K, 0% used [0x00000007d7780000,0x00000007d7780000,0x00000007d7c80000)
 ParOldGen       total 87040K, used 30482K [0x0000000780400000, 0x0000000785900000, 0x00000007d5680000)
  object space 87040K, 35% used [0x0000000780400000,0x00000007821c4be8,0x0000000785900000)
 PSPermGen       total 21504K, used 8812K [0x000000077b200000, 0x000000077c700000, 0x0000000780400000)
  object space 21504K, 40% used [0x000000077b200000,0x000000077ba9b020,0x000000077c700000)
GC Heap History (8 events):
Event: 6.106 GC heap before
{Heap before GC invocations=1 (full 0):
 PSYoungGen      total 38912K, used 33792K [0x00000007d5680000, 0x00000007d8180000, 0x0000000800000000)
  eden space 33792K, 100% used [0x00000007d5680000,0x00000007d7780000,0x00000007d7780000)
  from space 5120K, 0% used [0x00000007d7c80000,0x00000007d7c80000,0x00000007d8180000)
  to   space 5120K, 0% used [0x00000007d7780000,0x00000007d7780000,0x00000007d7c80000)
 ParOldGen       total 87040K, used 0K [0x0000000780400000, 0x0000000785900000, 0x00000007d5680000)
  object space 87040K, 0% used [0x0000000780400000,0x0000000780400000,0x0000000785900000)
 PSPermGen       total 21504K, used 7229K [0x000000077b200000, 0x000000077c700000, 0x0000000780400000)
  object space 21504K, 33% used [0x000000077b200000,0x000000077b90f610,0x000000077c700000)
Event: 6.121 GC heap after
Heap after GC invocations=1 (full 0):
 PSYoungGen      total 38912K, used 5101K [0x00000007d5680000, 0x00000007d8180000, 0x0000000800000000)
  eden space 33792K, 0% used [0x00000007d5680000,0x00000007d5680000,0x00000007d7780000)
  from space 5120K, 99% used [0x00000007d7780000,0x00000007d7c7b5b0,0x00000007d7c80000)
  to   space 5120K, 0% used [0x00000007d7c80000,0x00000007d7c80000,0x00000007d8180000)
 ParOldGen       total 87040K, used 7745K [0x0000000780400000, 0x0000000785900000, 0x00000007d5680000)
  object space 87040K, 8% used [0x0000000780400000,0x0000000780b907c8,0x0000000785900000)
 PSPermGen       total 21504K, used 7229K [0x000000077b200000, 0x000000077c700000, 0x0000000780400000)
  object space 21504K, 33% used [0x000000077b200000,0x000000077b90f610,0x000000077c700000)
}
Event: 9.925 GC heap before
{Heap before GC invocations=2 (full 0):
 PSYoungGen      total 38912K, used 38893K [0x00000007d5680000, 0x00000007d8180000, 0x0000000800000000)
  eden space 33792K, 100% used [0x00000007d5680000,0x00000007d7780000,0x00000007d7780000)
  from space 5120K, 99% used [0x00000007d7780000,0x00000007d7c7b5b0,0x00000007d7c80000)
  to   space 5120K, 0% used [0x00000007d7c80000,0x00000007d7c80000,0x00000007d8180000)
 ParOldGen       total 87040K, used 7745K [0x0000000780400000, 0x0000000785900000, 0x00000007d5680000)
  object space 87040K, 8% used [0x0000000780400000,0x0000000780b907c8,0x0000000785900000)
 PSPermGen       total 21504K, used 8491K [0x000000077b200000, 0x000000077c700000, 0x0000000780400000)
  object space 21504K, 39% used [0x000000077b200000,0x000000077ba4ad10,0x000000077c700000)
Event: 9.955 GC heap after
Heap after GC invocations=2 (full 0):
 PSYoungGen      total 38912K, used 5095K [0x00000007d5680000, 0x00000007d8180000, 0x0000000800000000)
  eden space 33792K, 0% used [0x00000007d5680000,0x00000007d5680000,0x00000007d7780000)
  from space 5120K, 99% used [0x00000007d7c80000,0x00000007d8179f08,0x00000007d8180000)
  to   space 5120K, 0% used [0x00000007d7780000,0x00000007d7780000,0x00000007d7c80000)
 ParOldGen       total 87040K, used 27418K [0x0000000780400000, 0x0000000785900000, 0x00000007d5680000)
  object space 87040K, 31% used [0x0000000780400000,0x0000000781ec6980,0x0000000785900000)
 PSPermGen       total 21504K, used 8491K [0x000000077b200000, 0x000000077c700000, 0x0000000780400000)
  object space 21504K, 39% used [0x000000077b200000,0x000000077ba4ad10,0x000000077c700000)
}
Event: 23.423 GC heap before
{Heap before GC invocations=3 (full 0):
 PSYoungGen      total 38912K, used 38887K [0x00000007d5680000, 0x00000007d8180000, 0x0000000800000000)
  eden space 33792K, 100% used [0x00000007d5680000,0x00000007d7780000,0x00000007d7780000)
  from space 5120K, 99% used [0x00000007d7c80000,0x00000007d8179f08,0x00000007d8180000)
  to   space 5120K, 0% used [0x00000007d7780000,0x00000007d7780000,0x00000007d7c80000)
 ParOldGen       total 87040K, used 27418K [0x0000000780400000, 0x0000000785900000, 0x00000007d5680000)
  object space 87040K, 31% used [0x0000000780400000,0x0000000781ec6980,0x0000000785900000)
 PSPermGen       total 21504K, used 8650K [0x000000077b200000, 0x000000077c700000, 0x0000000780400000)
  object space 21504K, 40% used [0x000000077b200000,0x000000077ba72a08,0x000000077c700000)
Event: 23.431 GC heap after
Heap after GC invocations=3 (full 0):
 PSYoungGen      total 38912K, used 5111K [0x00000007d5680000, 0x00000007d8180000, 0x0000000800000000)
  eden space 33792K, 0% used [0x00000007d5680000,0x00000007d5680000,0x00000007d7780000)
  from space 5120K, 99% used [0x00000007d7780000,0x00000007d7c7df28,0x00000007d7c80000)
  to   space 5120K, 0% used [0x00000007d7c80000,0x00000007d7c80000,0x00000007d8180000)
 ParOldGen       total 87040K, used 27658K [0x0000000780400000, 0x0000000785900000, 0x00000007d5680000)
  object space 87040K, 31% used [0x0000000780400000,0x0000000781f02ae8,0x0000000785900000)
 PSPermGen       total 21504K, used 8650K [0x000000077b200000, 0x000000077c700000, 0x0000000780400000)
  object space 21504K, 40% used [0x000000077b200000,0x000000077ba72a08,0x000000077c700000)
}
Event: 32.247 GC heap before
{Heap before GC invocations=4 (full 0):
 PSYoungGen      total 38912K, used 38903K [0x00000007d5680000, 0x00000007d8180000, 0x0000000800000000)
  eden space 33792K, 100% used [0x00000007d5680000,0x00000007d7780000,0x00000007d7780000)
  from space 5120K, 99% used [0x00000007d7780000,0x00000007d7c7df28,0x00000007d7c80000)
  to   space 5120K, 0% used [0x00000007d7c80000,0x00000007d7c80000,0x00000007d8180000)
 ParOldGen       total 87040K, used 27658K [0x0000000780400000, 0x0000000785900000, 0x00000007d5680000)
  object space 87040K, 31% used [0x0000000780400000,0x0000000781f02ae8,0x0000000785900000)
 PSPermGen       total 21504K, used 8773K [0x000000077b200000, 0x000000077c700000, 0x0000000780400000)
  object space 21504K, 40% used [0x000000077b200000,0x000000077ba91410,0x000000077c700000)
Event: 32.257 GC heap after
Heap after GC invocations=4 (full 0):
 PSYoungGen      total 38912K, used 5119K [0x00000007d5680000, 0x00000007d8180000, 0x0000000800000000)
  eden space 33792K, 0% used [0x00000007d5680000,0x00000007d5680000,0x00000007d7780000)
  from space 5120K, 99% used [0x00000007d7c80000,0x00000007d817ff08,0x00000007d8180000)
  to   space 5120K, 0% used [0x00000007d7780000,0x00000007d7780000,0x00000007d7c80000)
 ParOldGen       total 87040K, used 30482K [0x0000000780400000, 0x0000000785900000, 0x00000007d5680000)
  object space 87040K, 35% used [0x0000000780400000,0x00000007821c4be8,0x0000000785900000)
 PSPermGen       total 21504K, used 8773K [0x000000077b200000, 0x000000077c700000, 0x0000000780400000)
  object space 21504K, 40% used [0x000000077b200000,0x000000077ba91410,0x000000077c700000)
}

