# JRE version: Java(TM) SE Runtime Environment (7.0_71-b14) (build 1.7.0_71-b14)
# Java VM: Java HotSpot(TM) 64-Bit Server VM (24.71-b01 mixed mode windows-amd64 compressed oops)
Heap
 PSYoungGen      total 38400K, used 30218K [0x00000007d5680000, 0x00000007dad00000, 0x0000000800000000)
  eden space 33280K, 75% used [0x00000007d5680000,0x00000007d6f06bd8,0x00000007d7700000)
  from space 5120K, 99% used [0x00000007d7780000,0x00000007d7c7bde0,0x00000007d7c80000)
  to   space 27648K, 0% used [0x00000007d9200000,0x00000007d9200000,0x00000007dad00000)
 ParOldGen       total 87040K, used 28198K [0x0000000780400000, 0x0000000785900000, 0x00000007d5680000)
  object space 87040K, 32% used [0x0000000780400000,0x0000000781f89a78,0x0000000785900000)
 PSPermGen       total 21504K, used 8899K [0x000000077b200000, 0x000000077c700000, 0x0000000780400000)
  object space 21504K, 41% used [0x000000077b200000,0x000000077bab0ec8,0x000000077c700000)
GC Heap History (10 events):
Event: 5.139 GC heap before
{Heap before GC invocations=1 (full 0):
 PSYoungGen      total 38912K, used 33792K [0x00000007d5680000, 0x00000007d8180000, 0x0000000800000000)
  eden space 33792K, 100% used [0x00000007d5680000,0x00000007d7780000,0x00000007d7780000)
  from space 5120K, 0% used [0x00000007d7c80000,0x00000007d7c80000,0x00000007d8180000)
  to   space 5120K, 0% used [0x00000007d7780000,0x00000007d7780000,0x00000007d7c80000)
 ParOldGen       total 87040K, used 0K [0x0000000780400000, 0x0000000785900000, 0x00000007d5680000)
  object space 87040K, 0% used [0x0000000780400000,0x0000000780400000,0x0000000785900000)
 PSPermGen       total 21504K, used 7229K [0x000000077b200000, 0x000000077c700000, 0x0000000780400000)
  object space 21504K, 33% used [0x000000077b200000,0x000000077b90f610,0x000000077c700000)
Event: 5.154 GC heap after
Heap after GC invocations=1 (full 0):
 PSYoungGen      total 38912K, used 5101K [0x00000007d5680000, 0x00000007d8180000, 0x0000000800000000)
  eden space 33792K, 0% used [0x00000007d5680000,0x00000007d5680000,0x00000007d7780000)
  from space 5120K, 99% used [0x00000007d7780000,0x00000007d7c7b5b0,0x00000007d7c80000)
  to   space 5120K, 0% used [0x00000007d7c80000,0x00000007d7c80000,0x00000007d8180000)
 ParOldGen       total 87040K, used 6786K [0x0000000780400000, 0x0000000785900000, 0x00000007d5680000)
  object space 87040K, 7% used [0x0000000780400000,0x0000000780aa09a0,0x0000000785900000)
 PSPermGen       total 21504K, used 7229K [0x000000077b200000, 0x000000077c700000, 0x0000000780400000)
  object space 21504K, 33% used [0x000000077b200000,0x000000077b90f610,0x000000077c700000)
}
Event: 8.116 GC heap before
{Heap before GC invocations=2 (full 0):
 PSYoungGen      total 38912K, used 38893K [0x00000007d5680000, 0x00000007d8180000, 0x0000000800000000)
  eden space 33792K, 100% used [0x00000007d5680000,0x00000007d7780000,0x00000007d7780000)
  from space 5120K, 99% used [0x00000007d7780000,0x00000007d7c7b5b0,0x00000007d7c80000)
  to   space 5120K, 0% used [0x00000007d7c80000,0x00000007d7c80000,0x00000007d8180000)
 ParOldGen       total 87040K, used 6786K [0x0000000780400000, 0x0000000785900000, 0x00000007d5680000)
  object space 87040K, 7% used [0x0000000780400000,0x0000000780aa09a0,0x0000000785900000)
 PSPermGen       total 21504K, used 7912K [0x000000077b200000, 0x000000077c700000, 0x0000000780400000)
  object space 21504K, 36% used [0x000000077b200000,0x000000077b9ba340,0x000000077c700000)
Event: 8.150 GC heap after
Heap after GC invocations=2 (full 0):
 PSYoungGen      total 38912K, used 5111K [0x00000007d5680000, 0x00000007d8180000, 0x0000000800000000)
  eden space 33792K, 0% used [0x00000007d5680000,0x00000007d5680000,0x00000007d7780000)
  from space 5120K, 99% used [0x00000007d7c80000,0x00000007d817dd70,0x00000007d8180000)
  to   space 5120K, 0% used [0x00000007d7780000,0x00000007d7780000,0x00000007d7c80000)
 ParOldGen       total 87040K, used 27049K [0x0000000780400000, 0x0000000785900000, 0x00000007d5680000)
  object space 87040K, 31% used [0x0000000780400000,0x0000000781e6a720,0x0000000785900000)
 PSPermGen       total 21504K, used 7912K [0x000000077b200000, 0x000000077c700000, 0x0000000780400000)
  object space 21504K, 36% used [0x000000077b200000,0x000000077b9ba340,0x000000077c700000)
}
Event: 26.869 GC heap before
{Heap before GC invocations=3 (full 0):
 PSYoungGen      total 38912K, used 38903K [0x00000007d5680000, 0x00000007d8180000, 0x0000000800000000)
  eden space 33792K, 100% used [0x00000007d5680000,0x00000007d7780000,0x00000007d7780000)
  from space 5120K, 99% used [0x00000007d7c80000,0x00000007d817dd70,0x00000007d8180000)
  to   space 5120K, 0% used [0x00000007d7780000,0x00000007d7780000,0x00000007d7c80000)
 ParOldGen       total 87040K, used 27049K [0x0000000780400000, 0x0000000785900000, 0x00000007d5680000)
  object space 87040K, 31% used [0x0000000780400000,0x0000000781e6a720,0x0000000785900000)
 PSPermGen       total 21504K, used 8677K [0x000000077b200000, 0x000000077c700000, 0x0000000780400000)
  object space 21504K, 40% used [0x000000077b200000,0x000000077ba79480,0x000000077c700000)
Event: 26.880 GC heap after
Heap after GC invocations=3 (full 0):
 PSYoungGen      total 38912K, used 5119K [0x00000007d5680000, 0x00000007d8180000, 0x0000000800000000)
  eden space 33792K, 0% used [0x00000007d5680000,0x00000007d5680000,0x00000007d7780000)
  from space 5120K, 99% used [0x00000007d7780000,0x00000007d7c7fdf0,0x00000007d7c80000)
  to   space 5120K, 0% used [0x00000007d7c80000,0x00000007d7c80000,0x00000007d8180000)
 ParOldGen       total 87040K, used 28022K [0x0000000780400000, 0x0000000785900000, 0x00000007d5680000)
  object space 87040K, 32% used [0x0000000780400000,0x0000000781f5da48,0x0000000785900000)
 PSPermGen       total 21504K, used 8677K [0x000000077b200000, 0x000000077c700000, 0x0000000780400000)
  object space 21504K, 40% used [0x000000077b200000,0x000000077ba79480,0x000000077c700000)
}
Event: 54.329 GC heap before
{Heap before GC invocations=4 (full 0):
 PSYoungGen      total 38912K, used 38911K [0x00000007d5680000, 0x00000007d8180000, 0x0000000800000000)
  eden space 33792K, 100% used [0x00000007d5680000,0x00000007d7780000,0x00000007d7780000)
  from space 5120K, 99% used [0x00000007d7780000,0x00000007d7c7fdf0,0x00000007d7c80000)
  to   space 5120K, 0% used [0x00000007d7c80000,0x00000007d7c80000,0x00000007d8180000)
 ParOldGen       total 87040K, used 28022K [0x0000000780400000, 0x0000000785900000, 0x00000007d5680000)
  object space 87040K, 32% used [0x0000000780400000,0x0000000781f5da48,0x0000000785900000)
 PSPermGen       total 21504K, used 8793K [0x000000077b200000, 0x000000077c700000, 0x0000000780400000)
  object space 21504K, 40% used [0x000000077b200000,0x000000077ba96490,0x000000077c700000)
Event: 54.336 GC heap after
Heap after GC invocations=4 (full 0):
 PSYoungGen      total 38912K, used 5103K [0x00000007d5680000, 0x00000007d8180000, 0x0000000800000000)
  eden space 33792K, 0% used [0x00000007d5680000,0x00000007d5680000,0x00000007d7780000)
  from space 5120K, 99% used [0x00000007d7c80000,0x00000007d817bde0,0x00000007d8180000)
  to   space 5120K, 0% used [0x00000007d7780000,0x00000007d7780000,0x00000007d7c80000)
 ParOldGen       total 87040K, used 28166K [0x0000000780400000, 0x0000000785900000, 0x00000007d5680000)
  object space 87040K, 32% used [0x0000000780400000,0x0000000781f81a78,0x0000000785900000)
 PSPermGen       total 21504K, used 8793K [0x000000077b200000, 0x000000077c700000, 0x0000000780400000)
  object space 21504K, 40% used [0x000000077b200000,0x000000077ba96490,0x000000077c700000)
}
Event: 75.012 GC heap before
{Heap before GC invocations=5 (full 0):
 PSYoungGen      total 38912K, used 38895K [0x00000007d5680000, 0x00000007d8180000, 0x0000000800000000)
  eden space 33792K, 100% used [0x00000007d5680000,0x00000007d7780000,0x00000007d7780000)
  from space 5120K, 99% used [0x00000007d7c80000,0x00000007d817bde0,0x00000007d8180000)
  to   space 5120K, 0% used [0x00000007d7780000,0x00000007d7780000,0x00000007d7c80000)
 ParOldGen       total 87040K, used 28166K [0x0000000780400000, 0x0000000785900000, 0x00000007d5680000)
  object space 87040K, 32% used [0x0000000780400000,0x0000000781f81a78,0x0000000785900000)
 PSPermGen       total 21504K, used 8872K [0x000000077b200000, 0x000000077c700000, 0x0000000780400000)
  object space 21504K, 41% used [0x000000077b200000,0x000000077baaa040,0x000000077c700000)
Event: 75.020 GC heap after
Heap after GC invocations=5 (full 0):
 PSYoungGen      total 38400K, used 5103K [0x00000007d5680000, 0x00000007dad00000, 0x0000000800000000)
  eden space 33280K, 0% used [0x00000007d5680000,0x00000007d5680000,0x00000007d7700000)
  from space 5120K, 99% used [0x00000007d7780000,0x00000007d7c7bde0,0x00000007d7c80000)
  to   space 27648K, 0% used [0x00000007d9200000,0x00000007d9200000,0x00000007dad00000)
 ParOldGen       total 87040K, used 28198K [0x0000000780400000, 0x0000000785900000, 0x00000007d5680000)
  object space 87040K, 32% used [0x0000000780400000,0x0000000781f89a78,0x0000000785900000)
 PSPermGen       total 21504K, used 8872K [0x000000077b200000, 0x000000077c700000, 0x0000000780400000)
  object space 21504K, 41% used [0x000000077b200000,0x000000077baaa040,0x000000077c700000)
}

