# JRE version: Java(TM) SE Runtime Environment (7.0_71-b14) (build 1.7.0_71-b14)
# Java VM: Java HotSpot(TM) 64-Bit Server VM (24.71-b01 mixed mode windows-amd64 compressed oops)
Heap
 PSYoungGen      total 30720K, used 22652K [0x00000007d5680000, 0x00000007d8600000, 0x0000000800000000)
  eden space 30208K, 73% used [0x00000007d5680000,0x00000007d6c37308,0x00000007d7400000)
  from space 512K, 81% used [0x00000007d7480000,0x00000007d74e8010,0x00000007d7500000)
  to   space 9216K, 0% used [0x00000007d7d00000,0x00000007d7d00000,0x00000007d8600000)
 ParOldGen       total 87040K, used 8206K [0x0000000780400000, 0x0000000785900000, 0x00000007d5680000)
  object space 87040K, 9% used [0x0000000780400000,0x0000000780c03a90,0x0000000785900000)
 PSPermGen       total 21504K, used 8997K [0x000000077b200000, 0x000000077c700000, 0x0000000780400000)
  object space 21504K, 41% used [0x000000077b200000,0x000000077bac97e0,0x000000077c700000)
GC Heap History (10 events):
Event: 141.133 GC heap before
{Heap before GC invocations=7 (full 0):
 PSYoungGen      total 39936K, used 38101K [0x00000007d5680000, 0x00000007d8580000, 0x0000000800000000)
  eden space 32768K, 100% used [0x00000007d5680000,0x00000007d7680000,0x00000007d7680000)
  from space 7168K, 74% used [0x00000007d7e80000,0x00000007d83b5470,0x00000007d8580000)
  to   space 7680K, 0% used [0x00000007d7680000,0x00000007d7680000,0x00000007d7e00000)
 ParOldGen       total 87040K, used 3055K [0x0000000780400000, 0x0000000785900000, 0x00000007d5680000)
  object space 87040K, 3% used [0x0000000780400000,0x00000007806fbf30,0x0000000785900000)
 PSPermGen       total 21504K, used 8943K [0x000000077b200000, 0x000000077c700000, 0x0000000780400000)
  object space 21504K, 41% used [0x000000077b200000,0x000000077babbf38,0x000000077c700000)
Event: 141.139 GC heap after
Heap after GC invocations=7 (full 0):
 PSYoungGen      total 39936K, used 576K [0x00000007d5680000, 0x00000007d8700000, 0x0000000800000000)
  eden space 32256K, 0% used [0x00000007d5680000,0x00000007d5680000,0x00000007d7600000)
  from space 7680K, 7% used [0x00000007d7680000,0x00000007d7710010,0x00000007d7e00000)
  to   space 8704K, 0% used [0x00000007d7e80000,0x00000007d7e80000,0x00000007d8700000)
 ParOldGen       total 87040K, used 7862K [0x0000000780400000, 0x0000000785900000, 0x00000007d5680000)
  object space 87040K, 9% used [0x0000000780400000,0x0000000780bada90,0x0000000785900000)
 PSPermGen       total 21504K, used 8943K [0x000000077b200000, 0x000000077c700000, 0x0000000780400000)
  object space 21504K, 41% used [0x000000077b200000,0x000000077babbf38,0x000000077c700000)
}
Event: 157.153 GC heap before
{Heap before GC invocations=8 (full 0):
 PSYoungGen      total 39936K, used 32832K [0x00000007d5680000, 0x00000007d8700000, 0x0000000800000000)
  eden space 32256K, 100% used [0x00000007d5680000,0x00000007d7600000,0x00000007d7600000)
  from space 7680K, 7% used [0x00000007d7680000,0x00000007d7710010,0x00000007d7e00000)
  to   space 8704K, 0% used [0x00000007d7e80000,0x00000007d7e80000,0x00000007d8700000)
 ParOldGen       total 87040K, used 7862K [0x0000000780400000, 0x0000000785900000, 0x00000007d5680000)
  object space 87040K, 9% used [0x0000000780400000,0x0000000780bada90,0x0000000785900000)
 PSPermGen       total 21504K, used 8944K [0x000000077b200000, 0x000000077c700000, 0x0000000780400000)
  object space 21504K, 41% used [0x000000077b200000,0x000000077babc110,0x000000077c700000)
Event: 157.155 GC heap after
Heap after GC invocations=8 (full 0):
 PSYoungGen      total 40448K, used 576K [0x00000007d5680000, 0x00000007d8780000, 0x0000000800000000)
  eden space 31744K, 0% used [0x00000007d5680000,0x00000007d5680000,0x00000007d7580000)
  from space 8704K, 6% used [0x00000007d7e80000,0x00000007d7f10010,0x00000007d8700000)
  to   space 9216K, 0% used [0x00000007d7580000,0x00000007d7580000,0x00000007d7e80000)
 ParOldGen       total 87040K, used 7886K [0x0000000780400000, 0x0000000785900000, 0x00000007d5680000)
  object space 87040K, 9% used [0x0000000780400000,0x0000000780bb3a90,0x0000000785900000)
 PSPermGen       total 21504K, used 8944K [0x000000077b200000, 0x000000077c700000, 0x0000000780400000)
  object space 21504K, 41% used [0x000000077b200000,0x000000077babc110,0x000000077c700000)
}
Event: 172.195 GC heap before
{Heap before GC invocations=9 (full 0):
 PSYoungGen      total 40448K, used 32320K [0x00000007d5680000, 0x00000007d8780000, 0x0000000800000000)
  eden space 31744K, 100% used [0x00000007d5680000,0x00000007d7580000,0x00000007d7580000)
  from space 8704K, 6% used [0x00000007d7e80000,0x00000007d7f10010,0x00000007d8700000)
  to   space 9216K, 0% used [0x00000007d7580000,0x00000007d7580000,0x00000007d7e80000)
 ParOldGen       total 87040K, used 7886K [0x0000000780400000, 0x0000000785900000, 0x00000007d5680000)
  object space 87040K, 9% used [0x0000000780400000,0x0000000780bb3a90,0x0000000785900000)
 PSPermGen       total 21504K, used 8949K [0x000000077b200000, 0x000000077c700000, 0x0000000780400000)
  object space 21504K, 41% used [0x000000077b200000,0x000000077babd470,0x000000077c700000)
Event: 172.197 GC heap after
Heap after GC invocations=9 (full 0):
 PSYoungGen      total 31744K, used 448K [0x00000007d5680000, 0x00000007d8700000, 0x0000000800000000)
  eden space 31232K, 0% used [0x00000007d5680000,0x00000007d5680000,0x00000007d7500000)
  from space 512K, 87% used [0x00000007d7580000,0x00000007d75f0010,0x00000007d7600000)
  to   space 9216K, 0% used [0x00000007d7e00000,0x00000007d7e00000,0x00000007d8700000)
 ParOldGen       total 87040K, used 8110K [0x0000000780400000, 0x0000000785900000, 0x00000007d5680000)
  object space 87040K, 9% used [0x0000000780400000,0x0000000780beba90,0x0000000785900000)
 PSPermGen       total 21504K, used 8949K [0x000000077b200000, 0x000000077c700000, 0x0000000780400000)
  object space 21504K, 41% used [0x000000077b200000,0x000000077babd470,0x000000077c700000)
}
Event: 183.335 GC heap before
{Heap before GC invocations=10 (full 0):
 PSYoungGen      total 31744K, used 31680K [0x00000007d5680000, 0x00000007d8700000, 0x0000000800000000)
  eden space 31232K, 100% used [0x00000007d5680000,0x00000007d7500000,0x00000007d7500000)
  from space 512K, 87% used [0x00000007d7580000,0x00000007d75f0010,0x00000007d7600000)
  to   space 9216K, 0% used [0x00000007d7e00000,0x00000007d7e00000,0x00000007d8700000)
 ParOldGen       total 87040K, used 8110K [0x0000000780400000, 0x0000000785900000, 0x00000007d5680000)
  object space 87040K, 9% used [0x0000000780400000,0x0000000780beba90,0x0000000785900000)
 PSPermGen       total 21504K, used 8949K [0x000000077b200000, 0x000000077c700000, 0x0000000780400000)
  object space 21504K, 41% used [0x000000077b200000,0x000000077babd6a0,0x000000077c700000)
Event: 183.336 GC heap after
Heap after GC invocations=10 (full 0):
 PSYoungGen      total 39424K, used 416K [0x00000007d5680000, 0x00000007d8680000, 0x0000000800000000)
  eden space 30720K, 0% used [0x00000007d5680000,0x00000007d5680000,0x00000007d7480000)
  from space 8704K, 4% used [0x00000007d7e00000,0x00000007d7e68010,0x00000007d8680000)
  to   space 9216K, 0% used [0x00000007d7480000,0x00000007d7480000,0x00000007d7d80000)
 ParOldGen       total 87040K, used 8158K [0x0000000780400000, 0x0000000785900000, 0x00000007d5680000)
  object space 87040K, 9% used [0x0000000780400000,0x0000000780bf7a90,0x0000000785900000)
 PSPermGen       total 21504K, used 8949K [0x000000077b200000, 0x000000077c700000, 0x0000000780400000)
  object space 21504K, 41% used [0x000000077b200000,0x000000077babd6a0,0x000000077c700000)
}
Event: 201.056 GC heap before
{Heap before GC invocations=11 (full 0):
 PSYoungGen      total 39424K, used 31136K [0x00000007d5680000, 0x00000007d8680000, 0x0000000800000000)
  eden space 30720K, 100% used [0x00000007d5680000,0x00000007d7480000,0x00000007d7480000)
  from space 8704K, 4% used [0x00000007d7e00000,0x00000007d7e68010,0x00000007d8680000)
  to   space 9216K, 0% used [0x00000007d7480000,0x00000007d7480000,0x00000007d7d80000)
 ParOldGen       total 87040K, used 8158K [0x0000000780400000, 0x0000000785900000, 0x00000007d5680000)
  object space 87040K, 9% used [0x0000000780400000,0x0000000780bf7a90,0x0000000785900000)
 PSPermGen       total 21504K, used 8978K [0x000000077b200000, 0x000000077c700000, 0x0000000780400000)
  object space 21504K, 41% used [0x000000077b200000,0x000000077bac48a0,0x000000077c700000)
Event: 201.057 GC heap after
Heap after GC invocations=11 (full 0):
 PSYoungGen      total 30720K, used 416K [0x00000007d5680000, 0x00000007d8600000, 0x0000000800000000)
  eden space 30208K, 0% used [0x00000007d5680000,0x00000007d5680000,0x00000007d7400000)
  from space 512K, 81% used [0x00000007d7480000,0x00000007d74e8010,0x00000007d7500000)
  to   space 9216K, 0% used [0x00000007d7d00000,0x00000007d7d00000,0x00000007d8600000)
 ParOldGen       total 87040K, used 8206K [0x0000000780400000, 0x0000000785900000, 0x00000007d5680000)
  object space 87040K, 9% used [0x0000000780400000,0x0000000780c03a90,0x0000000785900000)
 PSPermGen       total 21504K, used 8978K [0x000000077b200000, 0x000000077c700000, 0x0000000780400000)
  object space 21504K, 41% used [0x000000077b200000,0x000000077bac48a0,0x000000077c700000)
}

