# JRE version: Java(TM) SE Runtime Environment (7.0_71-b14) (build 1.7.0_71-b14)
# Java VM: Java HotSpot(TM) 64-Bit Server VM (24.71-b01 mixed mode windows-amd64 compressed oops)
Heap
 PSYoungGen      total 34304K, used 1707K [0x00000007d5680000, 0x00000007d8300000, 0x0000000800000000)
  eden space 24064K, 5% used [0x00000007d5680000,0x00000007d57e2c80,0x00000007d6e00000)
  from space 10240K, 2% used [0x00000007d7900000,0x00000007d7948010,0x00000007d8300000)
  to   space 10752K, 0% used [0x00000007d6e00000,0x00000007d6e00000,0x00000007d7880000)
 ParOldGen       total 87040K, used 37990K [0x0000000780400000, 0x0000000785900000, 0x00000007d5680000)
  object space 87040K, 43% used [0x0000000780400000,0x0000000782919af0,0x0000000785900000)
 PSPermGen       total 21504K, used 8998K [0x000000077b200000, 0x000000077c700000, 0x0000000780400000)
  object space 21504K, 41% used [0x000000077b200000,0x000000077bac9b98,0x000000077c700000)
GC Heap History (10 events):
Event: 571.386 GC heap before
{Heap before GC invocations=22 (full 0):
 PSYoungGen      total 25600K, used 25408K [0x00000007d5680000, 0x00000007d8b00000, 0x0000000800000000)
  eden space 25088K, 100% used [0x00000007d5680000,0x00000007d6f00000,0x00000007d6f00000)
  from space 512K, 62% used [0x00000007d6f80000,0x00000007d6fd0010,0x00000007d7000000)
  to   space 14336K, 0% used [0x00000007d7d00000,0x00000007d7d00000,0x00000007d8b00000)
 ParOldGen       total 87040K, used 37910K [0x0000000780400000, 0x0000000785900000, 0x00000007d5680000)
  object space 87040K, 43% used [0x0000000780400000,0x0000000782905af0,0x0000000785900000)
 PSPermGen       total 21504K, used 8977K [0x000000077b200000, 0x000000077c700000, 0x0000000780400000)
  object space 21504K, 41% used [0x000000077b200000,0x000000077bac44a8,0x000000077c700000)
Event: 571.387 GC heap after
Heap after GC invocations=22 (full 0):
 PSYoungGen      total 36352K, used 352K [0x00000007d5680000, 0x00000007d8880000, 0x0000000800000000)
  eden space 24576K, 0% used [0x00000007d5680000,0x00000007d5680000,0x00000007d6e80000)
  from space 11776K, 2% used [0x00000007d7d00000,0x00000007d7d58010,0x00000007d8880000)
  to   space 13312K, 0% used [0x00000007d6e80000,0x00000007d6e80000,0x00000007d7b80000)
 ParOldGen       total 87040K, used 37934K [0x0000000780400000, 0x0000000785900000, 0x00000007d5680000)
  object space 87040K, 43% used [0x0000000780400000,0x000000078290baf0,0x0000000785900000)
 PSPermGen       total 21504K, used 8977K [0x000000077b200000, 0x000000077c700000, 0x0000000780400000)
  object space 21504K, 41% used [0x000000077b200000,0x000000077bac44a8,0x000000077c700000)
}
Event: 628.627 GC heap before
{Heap before GC invocations=23 (full 0):
 PSYoungGen      total 36352K, used 24928K [0x00000007d5680000, 0x00000007d8880000, 0x0000000800000000)
  eden space 24576K, 100% used [0x00000007d5680000,0x00000007d6e80000,0x00000007d6e80000)
  from space 11776K, 2% used [0x00000007d7d00000,0x00000007d7d58010,0x00000007d8880000)
  to   space 13312K, 0% used [0x00000007d6e80000,0x00000007d6e80000,0x00000007d7b80000)
 ParOldGen       total 87040K, used 37934K [0x0000000780400000, 0x0000000785900000, 0x00000007d5680000)
  object space 87040K, 43% used [0x0000000780400000,0x000000078290baf0,0x0000000785900000)
 PSPermGen       total 21504K, used 8977K [0x000000077b200000, 0x000000077c700000, 0x0000000780400000)
  object space 21504K, 41% used [0x000000077b200000,0x000000077bac44a8,0x000000077c700000)
Event: 628.629 GC heap after
Heap after GC invocations=23 (full 0):
 PSYoungGen      total 24576K, used 320K [0x00000007d5680000, 0x00000007d8700000, 0x0000000800000000)
  eden space 24064K, 0% used [0x00000007d5680000,0x00000007d5680000,0x00000007d6e00000)
  from space 512K, 62% used [0x00000007d6e80000,0x00000007d6ed0010,0x00000007d6f00000)
  to   space 12800K, 0% used [0x00000007d7a80000,0x00000007d7a80000,0x00000007d8700000)
 ParOldGen       total 87040K, used 37942K [0x0000000780400000, 0x0000000785900000, 0x00000007d5680000)
  object space 87040K, 43% used [0x0000000780400000,0x000000078290daf0,0x0000000785900000)
 PSPermGen       total 21504K, used 8977K [0x000000077b200000, 0x000000077c700000, 0x0000000780400000)
  object space 21504K, 41% used [0x000000077b200000,0x000000077bac44a8,0x000000077c700000)
}
Event: 684.929 GC heap before
{Heap before GC invocations=24 (full 0):
 PSYoungGen      total 24576K, used 24384K [0x00000007d5680000, 0x00000007d8700000, 0x0000000800000000)
  eden space 24064K, 100% used [0x00000007d5680000,0x00000007d6e00000,0x00000007d6e00000)
  from space 512K, 62% used [0x00000007d6e80000,0x00000007d6ed0010,0x00000007d6f00000)
  to   space 12800K, 0% used [0x00000007d7a80000,0x00000007d7a80000,0x00000007d8700000)
 ParOldGen       total 87040K, used 37942K [0x0000000780400000, 0x0000000785900000, 0x00000007d5680000)
  object space 87040K, 43% used [0x0000000780400000,0x000000078290daf0,0x0000000785900000)
 PSPermGen       total 21504K, used 8977K [0x000000077b200000, 0x000000077c700000, 0x0000000780400000)
  object space 21504K, 41% used [0x000000077b200000,0x000000077bac4680,0x000000077c700000)
Event: 684.931 GC heap after
Heap after GC invocations=24 (full 0):
 PSYoungGen      total 34816K, used 192K [0x00000007d5680000, 0x00000007d8500000, 0x0000000800000000)
  eden space 24064K, 0% used [0x00000007d5680000,0x00000007d5680000,0x00000007d6e00000)
  from space 10752K, 1% used [0x00000007d7a80000,0x00000007d7ab0000,0x00000007d8500000)
  to   space 11776K, 0% used [0x00000007d6e00000,0x00000007d6e00000,0x00000007d7980000)
 ParOldGen       total 87040K, used 37958K [0x0000000780400000, 0x0000000785900000, 0x00000007d5680000)
  object space 87040K, 43% used [0x0000000780400000,0x0000000782911af0,0x0000000785900000)
 PSPermGen       total 21504K, used 8977K [0x000000077b200000, 0x000000077c700000, 0x0000000780400000)
  object space 21504K, 41% used [0x000000077b200000,0x000000077bac4680,0x000000077c700000)
}
Event: 740.594 GC heap before
{Heap before GC invocations=25 (full 0):
 PSYoungGen      total 34816K, used 24256K [0x00000007d5680000, 0x00000007d8500000, 0x0000000800000000)
  eden space 24064K, 100% used [0x00000007d5680000,0x00000007d6e00000,0x00000007d6e00000)
  from space 10752K, 1% used [0x00000007d7a80000,0x00000007d7ab0000,0x00000007d8500000)
  to   space 11776K, 0% used [0x00000007d6e00000,0x00000007d6e00000,0x00000007d7980000)
 ParOldGen       total 87040K, used 37958K [0x0000000780400000, 0x0000000785900000, 0x00000007d5680000)
  object space 87040K, 43% used [0x0000000780400000,0x0000000782911af0,0x0000000785900000)
 PSPermGen       total 21504K, used 8979K [0x000000077b200000, 0x000000077c700000, 0x0000000780400000)
  object space 21504K, 41% used [0x000000077b200000,0x000000077bac4f80,0x000000077c700000)
Event: 740.595 GC heap after
Heap after GC invocations=25 (full 0):
 PSYoungGen      total 24576K, used 192K [0x00000007d5680000, 0x00000007d8400000, 0x0000000800000000)
  eden space 24064K, 0% used [0x00000007d5680000,0x00000007d5680000,0x00000007d6e00000)
  from space 512K, 37% used [0x00000007d6e00000,0x00000007d6e30000,0x00000007d6e80000)
  to   space 11264K, 0% used [0x00000007d7900000,0x00000007d7900000,0x00000007d8400000)
 ParOldGen       total 87040K, used 37982K [0x0000000780400000, 0x0000000785900000, 0x00000007d5680000)
  object space 87040K, 43% used [0x0000000780400000,0x0000000782917af0,0x0000000785900000)
 PSPermGen       total 21504K, used 8979K [0x000000077b200000, 0x000000077c700000, 0x0000000780400000)
  object space 21504K, 41% used [0x000000077b200000,0x000000077bac4f80,0x000000077c700000)
}
Event: 796.377 GC heap before
{Heap before GC invocations=26 (full 0):
 PSYoungGen      total 24576K, used 24256K [0x00000007d5680000, 0x00000007d8400000, 0x0000000800000000)
  eden space 24064K, 100% used [0x00000007d5680000,0x00000007d6e00000,0x00000007d6e00000)
  from space 512K, 37% used [0x00000007d6e00000,0x00000007d6e30000,0x00000007d6e80000)
  to   space 11264K, 0% used [0x00000007d7900000,0x00000007d7900000,0x00000007d8400000)
 ParOldGen       total 87040K, used 37982K [0x0000000780400000, 0x0000000785900000, 0x00000007d5680000)
  object space 87040K, 43% used [0x0000000780400000,0x0000000782917af0,0x0000000785900000)
 PSPermGen       total 21504K, used 8979K [0x000000077b200000, 0x000000077c700000, 0x0000000780400000)
  object space 21504K, 41% used [0x000000077b200000,0x000000077bac4f80,0x000000077c700000)
Event: 796.379 GC heap after
Heap after GC invocations=26 (full 0):
 PSYoungGen      total 34304K, used 288K [0x00000007d5680000, 0x00000007d8300000, 0x0000000800000000)
  eden space 24064K, 0% used [0x00000007d5680000,0x00000007d5680000,0x00000007d6e00000)
  from space 10240K, 2% used [0x00000007d7900000,0x00000007d7948010,0x00000007d8300000)
  to   space 10752K, 0% used [0x00000007d6e00000,0x00000007d6e00000,0x00000007d7880000)
 ParOldGen       total 87040K, used 37990K [0x0000000780400000, 0x0000000785900000, 0x00000007d5680000)
  object space 87040K, 43% used [0x0000000780400000,0x0000000782919af0,0x0000000785900000)
 PSPermGen       total 21504K, used 8979K [0x000000077b200000, 0x000000077c700000, 0x0000000780400000)
  object space 21504K, 41% used [0x000000077b200000,0x000000077bac4f80,0x000000077c700000)
}

