# JRE version: Java(TM) SE Runtime Environment (7.0_71-b14) (build 1.7.0_71-b14)
# Java VM: Java HotSpot(TM) 64-Bit Server VM (24.71-b01 mixed mode windows-amd64 compressed oops)
Heap
 PSYoungGen      total 29696K, used 10464K [0x00000007d5680000, 0x00000007d9e00000, 0x0000000800000000)
  eden space 29184K, 34% used [0x00000007d5680000,0x00000007d6068260,0x00000007d7300000)
  from space 512K, 62% used [0x00000007d7380000,0x00000007d73d0010,0x00000007d7400000)
  to   space 22016K, 0% used [0x00000007d8880000,0x00000007d8880000,0x00000007d9e00000)
 ParOldGen       total 87040K, used 33340K [0x0000000780400000, 0x0000000785900000, 0x00000007d5680000)
  object space 87040K, 38% used [0x0000000780400000,0x000000078248f2a8,0x0000000785900000)
 PSPermGen       total 21504K, used 8812K [0x000000077b200000, 0x000000077c700000, 0x0000000780400000)
  object space 21504K, 40% used [0x000000077b200000,0x000000077ba9b358,0x000000077c700000)
GC Heap History (10 events):
Event: 279.564 GC heap before
{Heap before GC invocations=9 (full 0):
 PSYoungGen      total 56320K, used 31936K [0x00000007d5680000, 0x00000007da780000, 0x0000000800000000)
  eden space 31744K, 100% used [0x00000007d5680000,0x00000007d7580000,0x00000007d7580000)
  from space 24576K, 0% used [0x00000007d8f80000,0x00000007d8fb0000,0x00000007da780000)
  to   space 25600K, 0% used [0x00000007d7580000,0x00000007d7580000,0x00000007d8e80000)
 ParOldGen       total 87040K, used 33188K [0x0000000780400000, 0x0000000785900000, 0x00000007d5680000)
  object space 87040K, 38% used [0x0000000780400000,0x00000007824692a8,0x0000000785900000)
 PSPermGen       total 21504K, used 8783K [0x000000077b200000, 0x000000077c700000, 0x0000000780400000)
  object space 21504K, 40% used [0x000000077b200000,0x000000077ba93e78,0x000000077c700000)
Event: 279.566 GC heap after
Heap after GC invocations=9 (full 0):
 PSYoungGen      total 31744K, used 224K [0x00000007d5680000, 0x00000007da600000, 0x0000000800000000)
  eden space 31232K, 0% used [0x00000007d5680000,0x00000007d5680000,0x00000007d7500000)
  from space 512K, 43% used [0x00000007d7580000,0x00000007d75b8000,0x00000007d7600000)
  to   space 25088K, 0% used [0x00000007d8d80000,0x00000007d8d80000,0x00000007da600000)
 ParOldGen       total 87040K, used 33228K [0x0000000780400000, 0x0000000785900000, 0x00000007d5680000)
  object space 87040K, 38% used [0x0000000780400000,0x00000007824732a8,0x0000000785900000)
 PSPermGen       total 21504K, used 8783K [0x000000077b200000, 0x000000077c700000, 0x0000000780400000)
  object space 21504K, 40% used [0x000000077b200000,0x000000077ba93e78,0x000000077c700000)
}
Event: 316.907 GC heap before
{Heap before GC invocations=10 (full 0):
 PSYoungGen      total 31744K, used 31456K [0x00000007d5680000, 0x00000007da600000, 0x0000000800000000)
  eden space 31232K, 100% used [0x00000007d5680000,0x00000007d7500000,0x00000007d7500000)
  from space 512K, 43% used [0x00000007d7580000,0x00000007d75b8000,0x00000007d7600000)
  to   space 25088K, 0% used [0x00000007d8d80000,0x00000007d8d80000,0x00000007da600000)
 ParOldGen       total 87040K, used 33228K [0x0000000780400000, 0x0000000785900000, 0x00000007d5680000)
  object space 87040K, 38% used [0x0000000780400000,0x00000007824732a8,0x0000000785900000)
 PSPermGen       total 21504K, used 8783K [0x000000077b200000, 0x000000077c700000, 0x0000000780400000)
  object space 21504K, 40% used [0x000000077b200000,0x000000077ba93e78,0x000000077c700000)
Event: 316.909 GC heap after
Heap after GC invocations=10 (full 0):
 PSYoungGen      total 54272K, used 352K [0x00000007d5680000, 0x00000007da480000, 0x0000000800000000)
  eden space 30720K, 0% used [0x00000007d5680000,0x00000007d5680000,0x00000007d7480000)
  from space 23552K, 1% used [0x00000007d8d80000,0x00000007d8dd8010,0x00000007da480000)
  to   space 24576K, 0% used [0x00000007d7480000,0x00000007d7480000,0x00000007d8c80000)
 ParOldGen       total 87040K, used 33252K [0x0000000780400000, 0x0000000785900000, 0x00000007d5680000)
  object space 87040K, 38% used [0x0000000780400000,0x00000007824792a8,0x0000000785900000)
 PSPermGen       total 21504K, used 8783K [0x000000077b200000, 0x000000077c700000, 0x0000000780400000)
  object space 21504K, 40% used [0x000000077b200000,0x000000077ba93e78,0x000000077c700000)
}
Event: 353.469 GC heap before
{Heap before GC invocations=11 (full 0):
 PSYoungGen      total 54272K, used 31072K [0x00000007d5680000, 0x00000007da480000, 0x0000000800000000)
  eden space 30720K, 100% used [0x00000007d5680000,0x00000007d7480000,0x00000007d7480000)
  from space 23552K, 1% used [0x00000007d8d80000,0x00000007d8dd8010,0x00000007da480000)
  to   space 24576K, 0% used [0x00000007d7480000,0x00000007d7480000,0x00000007d8c80000)
 ParOldGen       total 87040K, used 33252K [0x0000000780400000, 0x0000000785900000, 0x00000007d5680000)
  object space 87040K, 38% used [0x0000000780400000,0x00000007824792a8,0x0000000785900000)
 PSPermGen       total 21504K, used 8783K [0x000000077b200000, 0x000000077c700000, 0x0000000780400000)
  object space 21504K, 40% used [0x000000077b200000,0x000000077ba93e78,0x000000077c700000)
Event: 353.470 GC heap after
Heap after GC invocations=11 (full 0):
 PSYoungGen      total 30720K, used 256K [0x00000007d5680000, 0x00000007da200000, 0x0000000800000000)
  eden space 30208K, 0% used [0x00000007d5680000,0x00000007d5680000,0x00000007d7400000)
  from space 512K, 50% used [0x00000007d7480000,0x00000007d74c0000,0x00000007d7500000)
  to   space 23552K, 0% used [0x00000007d8b00000,0x00000007d8b00000,0x00000007da200000)
 ParOldGen       total 87040K, used 33300K [0x0000000780400000, 0x0000000785900000, 0x00000007d5680000)
  object space 87040K, 38% used [0x0000000780400000,0x00000007824852a8,0x0000000785900000)
 PSPermGen       total 21504K, used 8783K [0x000000077b200000, 0x000000077c700000, 0x0000000780400000)
  object space 21504K, 40% used [0x000000077b200000,0x000000077ba93e78,0x000000077c700000)
}
Event: 389.511 GC heap before
{Heap before GC invocations=12 (full 0):
 PSYoungGen      total 30720K, used 30464K [0x00000007d5680000, 0x00000007da200000, 0x0000000800000000)
  eden space 30208K, 100% used [0x00000007d5680000,0x00000007d7400000,0x00000007d7400000)
  from space 512K, 50% used [0x00000007d7480000,0x00000007d74c0000,0x00000007d7500000)
  to   space 23552K, 0% used [0x00000007d8b00000,0x00000007d8b00000,0x00000007da200000)
 ParOldGen       total 87040K, used 33300K [0x0000000780400000, 0x0000000785900000, 0x00000007d5680000)
  object space 87040K, 38% used [0x0000000780400000,0x00000007824852a8,0x0000000785900000)
 PSPermGen       total 21504K, used 8783K [0x000000077b200000, 0x000000077c700000, 0x0000000780400000)
  object space 21504K, 40% used [0x000000077b200000,0x000000077ba93e78,0x000000077c700000)
Event: 389.513 GC heap after
Heap after GC invocations=12 (full 0):
 PSYoungGen      total 50688K, used 320K [0x00000007d5680000, 0x00000007d9f80000, 0x0000000800000000)
  eden space 29696K, 0% used [0x00000007d5680000,0x00000007d5680000,0x00000007d7380000)
  from space 20992K, 1% used [0x00000007d8b00000,0x00000007d8b50010,0x00000007d9f80000)
  to   space 22528K, 0% used [0x00000007d7380000,0x00000007d7380000,0x00000007d8980000)
 ParOldGen       total 87040K, used 33324K [0x0000000780400000, 0x0000000785900000, 0x00000007d5680000)
  object space 87040K, 38% used [0x0000000780400000,0x000000078248b2a8,0x0000000785900000)
 PSPermGen       total 21504K, used 8783K [0x000000077b200000, 0x000000077c700000, 0x0000000780400000)
  object space 21504K, 40% used [0x000000077b200000,0x000000077ba93e78,0x000000077c700000)
}
Event: 424.954 GC heap before
{Heap before GC invocations=13 (full 0):
 PSYoungGen      total 50688K, used 30016K [0x00000007d5680000, 0x00000007d9f80000, 0x0000000800000000)
  eden space 29696K, 100% used [0x00000007d5680000,0x00000007d7380000,0x00000007d7380000)
  from space 20992K, 1% used [0x00000007d8b00000,0x00000007d8b50010,0x00000007d9f80000)
  to   space 22528K, 0% used [0x00000007d7380000,0x00000007d7380000,0x00000007d8980000)
 ParOldGen       total 87040K, used 33324K [0x0000000780400000, 0x0000000785900000, 0x00000007d5680000)
  object space 87040K, 38% used [0x0000000780400000,0x000000078248b2a8,0x0000000785900000)
 PSPermGen       total 21504K, used 8793K [0x000000077b200000, 0x000000077c700000, 0x0000000780400000)
  object space 21504K, 40% used [0x000000077b200000,0x000000077ba967c0,0x000000077c700000)
Event: 424.956 GC heap after
Heap after GC invocations=13 (full 0):
 PSYoungGen      total 29696K, used 320K [0x00000007d5680000, 0x00000007d9e00000, 0x0000000800000000)
  eden space 29184K, 0% used [0x00000007d5680000,0x00000007d5680000,0x00000007d7300000)
  from space 512K, 62% used [0x00000007d7380000,0x00000007d73d0010,0x00000007d7400000)
  to   space 22016K, 0% used [0x00000007d8880000,0x00000007d8880000,0x00000007d9e00000)
 ParOldGen       total 87040K, used 33340K [0x0000000780400000, 0x0000000785900000, 0x00000007d5680000)
  object space 87040K, 38% used [0x0000000780400000,0x000000078248f2a8,0x0000000785900000)
 PSPermGen       total 21504K, used 8793K [0x000000077b200000, 0x000000077c700000, 0x0000000780400000)
  object space 21504K, 40% used [0x000000077b200000,0x000000077ba967c0,0x000000077c700000)
}

