# JRE version: Java(TM) SE Runtime Environment (8.0_66-b18) (build 1.8.0_66-b18)
# Java VM: Java HotSpot(TM) 64-Bit Server VM (25.66-b18 mixed mode windows-amd64 compressed oops)
Heap:
 PSYoungGen      total 24576K, used 22202K [0x00000000d5700000, 0x00000000d7000000, 0x0000000100000000)
  eden space 24064K, 91% used [0x00000000d5700000,0x00000000d6c9e988,0x00000000d6e80000)
  from space 512K, 12% used [0x00000000d6f80000,0x00000000d6f90000,0x00000000d7000000)
  to   space 512K, 0% used [0x00000000d6f00000,0x00000000d6f00000,0x00000000d6f80000)
 ParOldGen       total 87552K, used 41857K [0x0000000080400000, 0x0000000085980000, 0x00000000d5700000)
  object space 87552K, 47% used [0x0000000080400000,0x0000000082ce04a0,0x0000000085980000)
 Metaspace       used 10689K, capacity 10780K, committed 11008K, reserved 1058816K
  class space    used 903K, capacity 949K, committed 1024K, reserved 1048576K
GC Heap History (10 events):
Event: 1210.237 GC heap before
{Heap before GC invocations=322 (full 0):
 PSYoungGen      total 24576K, used 24320K [0x00000000d5700000, 0x00000000d7000000, 0x0000000100000000)
  eden space 24064K, 100% used [0x00000000d5700000,0x00000000d6e80000,0x00000000d6e80000)
  from space 512K, 50% used [0x00000000d6f00000,0x00000000d6f40000,0x00000000d6f80000)
  to   space 512K, 0% used [0x00000000d6f80000,0x00000000d6f80000,0x00000000d7000000)
 ParOldGen       total 87552K, used 41633K [0x0000000080400000, 0x0000000085980000, 0x00000000d5700000)
  object space 87552K, 47% used [0x0000000080400000,0x0000000082ca84a0,0x0000000085980000)
 Metaspace       used 10585K, capacity 10684K, committed 11008K, reserved 1058816K
  class space    used 896K, capacity 917K, committed 1024K, reserved 1048576K
Event: 1210.238 GC heap after
Heap after GC invocations=322 (full 0):
 PSYoungGen      total 24576K, used 256K [0x00000000d5700000, 0x00000000d7000000, 0x0000000100000000)
  eden space 24064K, 0% used [0x00000000d5700000,0x00000000d5700000,0x00000000d6e80000)
  from space 512K, 50% used [0x00000000d6f80000,0x00000000d6fc0000,0x00000000d7000000)
  to   space 512K, 0% used [0x00000000d6f00000,0x00000000d6f00000,0x00000000d6f80000)
 ParOldGen       total 87552K, used 41697K [0x0000000080400000, 0x0000000085980000, 0x00000000d5700000)
  object space 87552K, 47% used [0x0000000080400000,0x0000000082cb84a0,0x0000000085980000)
 Metaspace       used 10585K, capacity 10684K, committed 11008K, reserved 1058816K
  class space    used 896K, capacity 917K, committed 1024K, reserved 1048576K
}
Event: 1224.858 GC heap before
{Heap before GC invocations=323 (full 0):
 PSYoungGen      total 24576K, used 24320K [0x00000000d5700000, 0x00000000d7000000, 0x0000000100000000)
  eden space 24064K, 100% used [0x00000000d5700000,0x00000000d6e80000,0x00000000d6e80000)
  from space 512K, 50% used [0x00000000d6f80000,0x00000000d6fc0000,0x00000000d7000000)
  to   space 512K, 0% used [0x00000000d6f00000,0x00000000d6f00000,0x00000000d6f80000)
 ParOldGen       total 87552K, used 41697K [0x0000000080400000, 0x0000000085980000, 0x00000000d5700000)
  object space 87552K, 47% used [0x0000000080400000,0x0000000082cb84a0,0x0000000085980000)
 Metaspace       used 10586K, capacity 10684K, committed 11008K, reserved 1058816K
  class space    used 896K, capacity 917K, committed 1024K, reserved 1048576K
Event: 1224.859 GC heap after
Heap after GC invocations=323 (full 0):
 PSYoungGen      total 24576K, used 256K [0x00000000d5700000, 0x00000000d7000000, 0x0000000100000000)
  eden space 24064K, 0% used [0x00000000d5700000,0x00000000d5700000,0x00000000d6e80000)
  from space 512K, 50% used [0x00000000d6f00000,0x00000000d6f40000,0x00000000d6f80000)
  to   space 512K, 0% used [0x00000000d6f80000,0x00000000d6f80000,0x00000000d7000000)
 ParOldGen       total 87552K, used 41753K [0x0000000080400000, 0x0000000085980000, 0x00000000d5700000)
  object space 87552K, 47% used [0x0000000080400000,0x0000000082cc64a0,0x0000000085980000)
 Metaspace       used 10586K, capacity 10684K, committed 11008K, reserved 1058816K
  class space    used 896K, capacity 917K, committed 1024K, reserved 1048576K
}
Event: 1227.179 GC heap before
{Heap before GC invocations=324 (full 0):
 PSYoungGen      total 24576K, used 24320K [0x00000000d5700000, 0x00000000d7000000, 0x0000000100000000)
  eden space 24064K, 100% used [0x00000000d5700000,0x00000000d6e80000,0x00000000d6e80000)
  from space 512K, 50% used [0x00000000d6f00000,0x00000000d6f40000,0x00000000d6f80000)
  to   space 512K, 0% used [0x00000000d6f80000,0x00000000d6f80000,0x00000000d7000000)
 ParOldGen       total 87552K, used 41753K [0x0000000080400000, 0x0000000085980000, 0x00000000d5700000)
  object space 87552K, 47% used [0x0000000080400000,0x0000000082cc64a0,0x0000000085980000)
 Metaspace       used 10656K, capacity 10748K, committed 11008K, reserved 1058816K
  class space    used 899K, capacity 917K, committed 1024K, reserved 1048576K
Event: 1227.180 GC heap after
Heap after GC invocations=324 (full 0):
 PSYoungGen      total 24576K, used 256K [0x00000000d5700000, 0x00000000d7000000, 0x0000000100000000)
  eden space 24064K, 0% used [0x00000000d5700000,0x00000000d5700000,0x00000000d6e80000)
  from space 512K, 50% used [0x00000000d6f80000,0x00000000d6fc0000,0x00000000d7000000)
  to   space 512K, 0% used [0x00000000d6f00000,0x00000000d6f00000,0x00000000d6f80000)
 ParOldGen       total 87552K, used 41793K [0x0000000080400000, 0x0000000085980000, 0x00000000d5700000)
  object space 87552K, 47% used [0x0000000080400000,0x0000000082cd04a0,0x0000000085980000)
 Metaspace       used 10656K, capacity 10748K, committed 11008K, reserved 1058816K
  class space    used 899K, capacity 917K, committed 1024K, reserved 1048576K
}
Event: 1243.360 GC heap before
{Heap before GC invocations=325 (full 0):
 PSYoungGen      total 24576K, used 24320K [0x00000000d5700000, 0x00000000d7000000, 0x0000000100000000)
  eden space 24064K, 100% used [0x00000000d5700000,0x00000000d6e80000,0x00000000d6e80000)
  from space 512K, 50% used [0x00000000d6f80000,0x00000000d6fc0000,0x00000000d7000000)
  to   space 512K, 0% used [0x00000000d6f00000,0x00000000d6f00000,0x00000000d6f80000)
 ParOldGen       total 87552K, used 41793K [0x0000000080400000, 0x0000000085980000, 0x00000000d5700000)
  object space 87552K, 47% used [0x0000000080400000,0x0000000082cd04a0,0x0000000085980000)
 Metaspace       used 10667K, capacity 10748K, committed 11008K, reserved 1058816K
  class space    used 899K, capacity 917K, committed 1024K, reserved 1048576K
Event: 1243.361 GC heap after
Heap after GC invocations=325 (full 0):
 PSYoungGen      total 24576K, used 96K [0x00000000d5700000, 0x00000000d7000000, 0x0000000100000000)
  eden space 24064K, 0% used [0x00000000d5700000,0x00000000d5700000,0x00000000d6e80000)
  from space 512K, 18% used [0x00000000d6f00000,0x00000000d6f18000,0x00000000d6f80000)
  to   space 512K, 0% used [0x00000000d6f80000,0x00000000d6f80000,0x00000000d7000000)
 ParOldGen       total 87552K, used 41857K [0x0000000080400000, 0x0000000085980000, 0x00000000d5700000)
  object space 87552K, 47% used [0x0000000080400000,0x0000000082ce04a0,0x0000000085980000)
 Metaspace       used 10667K, capacity 10748K, committed 11008K, reserved 1058816K
  class space    used 899K, capacity 917K, committed 1024K, reserved 1048576K
}
Event: 1259.541 GC heap before
{Heap before GC invocations=326 (full 0):
 PSYoungGen      total 24576K, used 24160K [0x00000000d5700000, 0x00000000d7000000, 0x0000000100000000)
  eden space 24064K, 100% used [0x00000000d5700000,0x00000000d6e80000,0x00000000d6e80000)
  from space 512K, 18% used [0x00000000d6f00000,0x00000000d6f18000,0x00000000d6f80000)
  to   space 512K, 0% used [0x00000000d6f80000,0x00000000d6f80000,0x00000000d7000000)
 ParOldGen       total 87552K, used 41857K [0x0000000080400000, 0x0000000085980000, 0x00000000d5700000)
  object space 87552K, 47% used [0x0000000080400000,0x0000000082ce04a0,0x0000000085980000)
 Metaspace       used 10667K, capacity 10748K, committed 11008K, reserved 1058816K
  class space    used 899K, capacity 917K, committed 1024K, reserved 1048576K
Event: 1259.542 GC heap after
Heap after GC invocations=326 (full 0):
 PSYoungGen      total 24576K, used 64K [0x00000000d5700000, 0x00000000d7000000, 0x0000000100000000)
  eden space 24064K, 0% used [0x00000000d5700000,0x00000000d5700000,0x00000000d6e80000)
  from space 512K, 12% used [0x00000000d6f80000,0x00000000d6f90000,0x00000000d7000000)
  to   space 512K, 0% used [0x00000000d6f00000,0x00000000d6f00000,0x00000000d6f80000)
 ParOldGen       total 87552K, used 41857K [0x0000000080400000, 0x0000000085980000, 0x00000000d5700000)
  object space 87552K, 47% used [0x0000000080400000,0x0000000082ce04a0,0x0000000085980000)
 Metaspace       used 10667K, capacity 10748K, committed 11008K, reserved 1058816K
  class space    used 899K, capacity 917K, committed 1024K, reserved 1048576K
}

