# JRE version: Java(TM) SE Runtime Environment (8.0_66-b18) (build 1.8.0_66-b18)
# Java VM: Java HotSpot(TM) 64-Bit Server VM (25.66-b18 mixed mode windows-amd64 compressed oops)
Heap:
 PSYoungGen      total 24576K, used 7862K [0x00000000d5700000, 0x00000000d7180000, 0x0000000100000000)
  eden space 24064K, 32% used [0x00000000d5700000,0x00000000d5e85850,0x00000000d6e80000)
  from space 512K, 31% used [0x00000000d6e80000,0x00000000d6ea8000,0x00000000d6f00000)
  to   space 1536K, 0% used [0x00000000d7000000,0x00000000d7000000,0x00000000d7180000)
 ParOldGen       total 87552K, used 16391K [0x0000000080400000, 0x0000000085980000, 0x00000000d5700000)
  object space 87552K, 18% used [0x0000000080400000,0x0000000081401f18,0x0000000085980000)
 Metaspace       used 9865K, capacity 9927K, committed 10112K, reserved 1058816K
  class space    used 860K, capacity 883K, committed 896K, reserved 1048576K
GC Heap History (10 events):
Event: 490.388 GC heap before
{Heap before GC invocations=41 (full 0):
 PSYoungGen      total 25600K, used 24192K [0x00000000d5700000, 0x00000000d7280000, 0x0000000100000000)
  eden space 24064K, 100% used [0x00000000d5700000,0x00000000d6e80000,0x00000000d6e80000)
  from space 1536K, 8% used [0x00000000d7100000,0x00000000d7120000,0x00000000d7280000)
  to   space 2048K, 0% used [0x00000000d6e80000,0x00000000d6e80000,0x00000000d7080000)
 ParOldGen       total 87552K, used 16127K [0x0000000080400000, 0x0000000085980000, 0x00000000d5700000)
  object space 87552K, 18% used [0x0000000080400000,0x00000000813bfef8,0x0000000085980000)
 Metaspace       used 9861K, capacity 9927K, committed 10112K, reserved 1058816K
  class space    used 860K, capacity 883K, committed 896K, reserved 1048576K
Event: 490.389 GC heap after
Heap after GC invocations=41 (full 0):
 PSYoungGen      total 26112K, used 64K [0x00000000d5700000, 0x00000000d7280000, 0x0000000100000000)
  eden space 24064K, 0% used [0x00000000d5700000,0x00000000d5700000,0x00000000d6e80000)
  from space 2048K, 3% used [0x00000000d6e80000,0x00000000d6e90000,0x00000000d7080000)
  to   space 2048K, 0% used [0x00000000d7080000,0x00000000d7080000,0x00000000d7280000)
 ParOldGen       total 87552K, used 16151K [0x0000000080400000, 0x0000000085980000, 0x00000000d5700000)
  object space 87552K, 18% used [0x0000000080400000,0x00000000813c5ef8,0x0000000085980000)
 Metaspace       used 9861K, capacity 9927K, committed 10112K, reserved 1058816K
  class space    used 860K, capacity 883K, committed 896K, reserved 1048576K
}
Event: 514.606 GC heap before
{Heap before GC invocations=42 (full 0):
 PSYoungGen      total 26112K, used 24128K [0x00000000d5700000, 0x00000000d7280000, 0x0000000100000000)
  eden space 24064K, 100% used [0x00000000d5700000,0x00000000d6e80000,0x00000000d6e80000)
  from space 2048K, 3% used [0x00000000d6e80000,0x00000000d6e90000,0x00000000d7080000)
  to   space 2048K, 0% used [0x00000000d7080000,0x00000000d7080000,0x00000000d7280000)
 ParOldGen       total 87552K, used 16151K [0x0000000080400000, 0x0000000085980000, 0x00000000d5700000)
  object space 87552K, 18% used [0x0000000080400000,0x00000000813c5ef8,0x0000000085980000)
 Metaspace       used 9861K, capacity 9927K, committed 10112K, reserved 1058816K
  class space    used 860K, capacity 883K, committed 896K, reserved 1048576K
Event: 514.606 GC heap after
Heap after GC invocations=42 (full 0):
 PSYoungGen      total 26112K, used 128K [0x00000000d5700000, 0x00000000d7280000, 0x0000000100000000)
  eden space 24064K, 0% used [0x00000000d5700000,0x00000000d5700000,0x00000000d6e80000)
  from space 2048K, 6% used [0x00000000d7080000,0x00000000d70a0000,0x00000000d7280000)
  to   space 2048K, 0% used [0x00000000d6e80000,0x00000000d6e80000,0x00000000d7080000)
 ParOldGen       total 87552K, used 16167K [0x0000000080400000, 0x0000000085980000, 0x00000000d5700000)
  object space 87552K, 18% used [0x0000000080400000,0x00000000813c9ef8,0x0000000085980000)
 Metaspace       used 9861K, capacity 9927K, committed 10112K, reserved 1058816K
  class space    used 860K, capacity 883K, committed 896K, reserved 1048576K
}
Event: 538.838 GC heap before
{Heap before GC invocations=43 (full 0):
 PSYoungGen      total 26112K, used 24192K [0x00000000d5700000, 0x00000000d7280000, 0x0000000100000000)
  eden space 24064K, 100% used [0x00000000d5700000,0x00000000d6e80000,0x00000000d6e80000)
  from space 2048K, 6% used [0x00000000d7080000,0x00000000d70a0000,0x00000000d7280000)
  to   space 2048K, 0% used [0x00000000d6e80000,0x00000000d6e80000,0x00000000d7080000)
 ParOldGen       total 87552K, used 16167K [0x0000000080400000, 0x0000000085980000, 0x00000000d5700000)
  object space 87552K, 18% used [0x0000000080400000,0x00000000813c9ef8,0x0000000085980000)
 Metaspace       used 9861K, capacity 9927K, committed 10112K, reserved 1058816K
  class space    used 860K, capacity 883K, committed 896K, reserved 1048576K
Event: 538.839 GC heap after
Heap after GC invocations=43 (full 0):
 PSYoungGen      total 26112K, used 0K [0x00000000d5700000, 0x00000000d7280000, 0x0000000100000000)
  eden space 24064K, 0% used [0x00000000d5700000,0x00000000d5700000,0x00000000d6e80000)
  from space 2048K, 0% used [0x00000000d6e80000,0x00000000d6e80000,0x00000000d7080000)
  to   space 2048K, 0% used [0x00000000d7080000,0x00000000d7080000,0x00000000d7280000)
 ParOldGen       total 87552K, used 16167K [0x0000000080400000, 0x0000000085980000, 0x00000000d5700000)
  object space 87552K, 18% used [0x0000000080400000,0x00000000813c9ef8,0x0000000085980000)
 Metaspace       used 9861K, capacity 9927K, committed 10112K, reserved 1058816K
  class space    used 860K, capacity 883K, committed 896K, reserved 1048576K
}
Event: 562.905 GC heap before
{Heap before GC invocations=44 (full 0):
 PSYoungGen      total 26112K, used 24064K [0x00000000d5700000, 0x00000000d7280000, 0x0000000100000000)
  eden space 24064K, 100% used [0x00000000d5700000,0x00000000d6e80000,0x00000000d6e80000)
  from space 2048K, 0% used [0x00000000d6e80000,0x00000000d6e80000,0x00000000d7080000)
  to   space 2048K, 0% used [0x00000000d7080000,0x00000000d7080000,0x00000000d7280000)
 ParOldGen       total 87552K, used 16167K [0x0000000080400000, 0x0000000085980000, 0x00000000d5700000)
  object space 87552K, 18% used [0x0000000080400000,0x00000000813c9ef8,0x0000000085980000)
 Metaspace       used 9861K, capacity 9927K, committed 10112K, reserved 1058816K
  class space    used 860K, capacity 883K, committed 896K, reserved 1048576K
Event: 562.906 GC heap after
Heap after GC invocations=44 (full 0):
 PSYoungGen      total 26112K, used 320K [0x00000000d5700000, 0x00000000d7280000, 0x0000000100000000)
  eden space 24064K, 0% used [0x00000000d5700000,0x00000000d5700000,0x00000000d6e80000)
  from space 2048K, 15% used [0x00000000d7080000,0x00000000d70d0010,0x00000000d7280000)
  to   space 2048K, 0% used [0x00000000d6e80000,0x00000000d6e80000,0x00000000d7080000)
 ParOldGen       total 87552K, used 16167K [0x0000000080400000, 0x0000000085980000, 0x00000000d5700000)
  object space 87552K, 18% used [0x0000000080400000,0x00000000813c9ef8,0x0000000085980000)
 Metaspace       used 9861K, capacity 9927K, committed 10112K, reserved 1058816K
  class space    used 860K, capacity 883K, committed 896K, reserved 1048576K
}
Event: 587.155 GC heap before
{Heap before GC invocations=45 (full 0):
 PSYoungGen      total 26112K, used 24384K [0x00000000d5700000, 0x00000000d7280000, 0x0000000100000000)
  eden space 24064K, 100% used [0x00000000d5700000,0x00000000d6e80000,0x00000000d6e80000)
  from space 2048K, 15% used [0x00000000d7080000,0x00000000d70d0010,0x00000000d7280000)
  to   space 2048K, 0% used [0x00000000d6e80000,0x00000000d6e80000,0x00000000d7080000)
 ParOldGen       total 87552K, used 16167K [0x0000000080400000, 0x0000000085980000, 0x00000000d5700000)
  object space 87552K, 18% used [0x0000000080400000,0x00000000813c9ef8,0x0000000085980000)
 Metaspace       used 9861K, capacity 9927K, committed 10112K, reserved 1058816K
  class space    used 860K, capacity 883K, committed 896K, reserved 1048576K
Event: 587.156 GC heap after
Heap after GC invocations=45 (full 0):
 PSYoungGen      total 24576K, used 160K [0x00000000d5700000, 0x00000000d7180000, 0x0000000100000000)
  eden space 24064K, 0% used [0x00000000d5700000,0x00000000d5700000,0x00000000d6e80000)
  from space 512K, 31% used [0x00000000d6e80000,0x00000000d6ea8000,0x00000000d6f00000)
  to   space 1536K, 0% used [0x00000000d7000000,0x00000000d7000000,0x00000000d7180000)
 ParOldGen       total 87552K, used 16391K [0x0000000080400000, 0x0000000085980000, 0x00000000d5700000)
  object space 87552K, 18% used [0x0000000080400000,0x0000000081401f18,0x0000000085980000)
 Metaspace       used 9861K, capacity 9927K, committed 10112K, reserved 1058816K
  class space    used 860K, capacity 883K, committed 896K, reserved 1048576K
}

