# JRE version: Java(TM) SE Runtime Environment (7.0_71-b14) (build 1.7.0_71-b14)
# Java VM: Java HotSpot(TM) 64-Bit Server VM (24.71-b01 mixed mode windows-amd64 compressed oops)
Heap
 PSYoungGen      total 31744K, used 24117K [0x00000007d5680000, 0x00000007d8600000, 0x0000000800000000)
  eden space 31232K, 75% used [0x00000007d5680000,0x00000007d6d9d498,0x00000007d7500000)
  from space 512K, 87% used [0x00000007d7580000,0x00000007d75f0010,0x00000007d7600000)
  to   space 8704K, 0% used [0x00000007d7d80000,0x00000007d7d80000,0x00000007d8600000)
 ParOldGen       total 87040K, used 7311K [0x0000000780400000, 0x0000000785900000, 0x00000007d5680000)
  object space 87040K, 8% used [0x0000000780400000,0x0000000780b23e28,0x0000000785900000)
 PSPermGen       total 21504K, used 8943K [0x000000077b200000, 0x000000077c700000, 0x0000000780400000)
  object space 21504K, 41% used [0x000000077b200000,0x000000077babbc28,0x000000077c700000)
GC Heap History (10 events):
Event: 97.294 GC heap before
{Heap before GC invocations=5 (full 0):
 PSYoungGen      total 38912K, used 38885K [0x00000007d5680000, 0x00000007d8180000, 0x0000000800000000)
  eden space 33792K, 100% used [0x00000007d5680000,0x00000007d7780000,0x00000007d7780000)
  from space 5120K, 99% used [0x00000007d7c80000,0x00000007d8179450,0x00000007d8180000)
  to   space 5120K, 0% used [0x00000007d7780000,0x00000007d7780000,0x00000007d7c80000)
 ParOldGen       total 87040K, used 2300K [0x0000000780400000, 0x0000000785900000, 0x00000007d5680000)
  object space 87040K, 2% used [0x0000000780400000,0x000000078063f0b8,0x0000000785900000)
 PSPermGen       total 21504K, used 8899K [0x000000077b200000, 0x000000077c700000, 0x0000000780400000)
  object space 21504K, 41% used [0x000000077b200000,0x000000077bab0f08,0x000000077c700000)
Event: 97.300 GC heap after
Heap after GC invocations=5 (full 0):
 PSYoungGen      total 38400K, used 5109K [0x00000007d5680000, 0x00000007d8500000, 0x0000000800000000)
  eden space 33280K, 0% used [0x00000007d5680000,0x00000007d5680000,0x00000007d7700000)
  from space 5120K, 99% used [0x00000007d7780000,0x00000007d7c7d440,0x00000007d7c80000)
  to   space 7168K, 0% used [0x00000007d7e00000,0x00000007d7e00000,0x00000007d8500000)
 ParOldGen       total 87040K, used 2332K [0x0000000780400000, 0x0000000785900000, 0x00000007d5680000)
  object space 87040K, 2% used [0x0000000780400000,0x00000007806470b8,0x0000000785900000)
 PSPermGen       total 21504K, used 8899K [0x000000077b200000, 0x000000077c700000, 0x0000000780400000)
  object space 21504K, 41% used [0x000000077b200000,0x000000077bab0f08,0x000000077c700000)
}
Event: 105.317 GC heap before
{Heap before GC invocations=6 (full 0):
 PSYoungGen      total 38400K, used 38389K [0x00000007d5680000, 0x00000007d8500000, 0x0000000800000000)
  eden space 33280K, 100% used [0x00000007d5680000,0x00000007d7700000,0x00000007d7700000)
  from space 5120K, 99% used [0x00000007d7780000,0x00000007d7c7d440,0x00000007d7c80000)
  to   space 7168K, 0% used [0x00000007d7e00000,0x00000007d7e00000,0x00000007d8500000)
 ParOldGen       total 87040K, used 2332K [0x0000000780400000, 0x0000000785900000, 0x00000007d5680000)
  object space 87040K, 2% used [0x0000000780400000,0x00000007806470b8,0x0000000785900000)
 PSPermGen       total 21504K, used 8913K [0x000000077b200000, 0x000000077c700000, 0x0000000780400000)
  object space 21504K, 41% used [0x000000077b200000,0x000000077bab45e8,0x000000077c700000)
Event: 105.322 GC heap after
Heap after GC invocations=6 (full 0):
 PSYoungGen      total 39424K, used 5173K [0x00000007d5680000, 0x00000007d8480000, 0x0000000800000000)
  eden space 32768K, 0% used [0x00000007d5680000,0x00000007d5680000,0x00000007d7680000)
  from space 6656K, 77% used [0x00000007d7e00000,0x00000007d830d440,0x00000007d8480000)
  to   space 7168K, 0% used [0x00000007d7680000,0x00000007d7680000,0x00000007d7d80000)
 ParOldGen       total 87040K, used 2340K [0x0000000780400000, 0x0000000785900000, 0x00000007d5680000)
  object space 87040K, 2% used [0x0000000780400000,0x00000007806490b8,0x0000000785900000)
 PSPermGen       total 21504K, used 8913K [0x000000077b200000, 0x000000077c700000, 0x0000000780400000)
  object space 21504K, 41% used [0x000000077b200000,0x000000077bab45e8,0x000000077c700000)
}
Event: 115.715 GC heap before
{Heap before GC invocations=7 (full 0):
 PSYoungGen      total 39424K, used 37941K [0x00000007d5680000, 0x00000007d8480000, 0x0000000800000000)
  eden space 32768K, 100% used [0x00000007d5680000,0x00000007d7680000,0x00000007d7680000)
  from space 6656K, 77% used [0x00000007d7e00000,0x00000007d830d440,0x00000007d8480000)
  to   space 7168K, 0% used [0x00000007d7680000,0x00000007d7680000,0x00000007d7d80000)
 ParOldGen       total 87040K, used 2340K [0x0000000780400000, 0x0000000785900000, 0x00000007d5680000)
  object space 87040K, 2% used [0x0000000780400000,0x00000007806490b8,0x0000000785900000)
 PSPermGen       total 21504K, used 8918K [0x000000077b200000, 0x000000077c700000, 0x0000000780400000)
  object space 21504K, 41% used [0x000000077b200000,0x000000077bab5890,0x000000077c700000)
Event: 115.723 GC heap after
Heap after GC invocations=7 (full 0):
 PSYoungGen      total 39424K, used 512K [0x00000007d5680000, 0x00000007d8600000, 0x0000000800000000)
  eden space 32256K, 0% used [0x00000007d5680000,0x00000007d5680000,0x00000007d7600000)
  from space 7168K, 7% used [0x00000007d7680000,0x00000007d7700010,0x00000007d7d80000)
  to   space 8192K, 0% used [0x00000007d7e00000,0x00000007d7e00000,0x00000007d8600000)
 ParOldGen       total 87040K, used 7185K [0x0000000780400000, 0x0000000785900000, 0x00000007d5680000)
  object space 87040K, 8% used [0x0000000780400000,0x0000000780b04558,0x0000000785900000)
 PSPermGen       total 21504K, used 8918K [0x000000077b200000, 0x000000077c700000, 0x0000000780400000)
  object space 21504K, 41% used [0x000000077b200000,0x000000077bab5890,0x000000077c700000)
}
Event: 125.956 GC heap before
{Heap before GC invocations=8 (full 0):
 PSYoungGen      total 39424K, used 32768K [0x00000007d5680000, 0x00000007d8600000, 0x0000000800000000)
  eden space 32256K, 100% used [0x00000007d5680000,0x00000007d7600000,0x00000007d7600000)
  from space 7168K, 7% used [0x00000007d7680000,0x00000007d7700010,0x00000007d7d80000)
  to   space 8192K, 0% used [0x00000007d7e00000,0x00000007d7e00000,0x00000007d8600000)
 ParOldGen       total 87040K, used 7185K [0x0000000780400000, 0x0000000785900000, 0x00000007d5680000)
  object space 87040K, 8% used [0x0000000780400000,0x0000000780b04558,0x0000000785900000)
 PSPermGen       total 21504K, used 8924K [0x000000077b200000, 0x000000077c700000, 0x0000000780400000)
  object space 21504K, 41% used [0x000000077b200000,0x000000077bab7090,0x000000077c700000)
Event: 125.957 GC heap after
Heap after GC invocations=8 (full 0):
 PSYoungGen      total 39936K, used 480K [0x00000007d5680000, 0x00000007d8680000, 0x0000000800000000)
  eden space 31744K, 0% used [0x00000007d5680000,0x00000007d5680000,0x00000007d7580000)
  from space 8192K, 5% used [0x00000007d7e00000,0x00000007d7e78010,0x00000007d8600000)
  to   space 8704K, 0% used [0x00000007d7580000,0x00000007d7580000,0x00000007d7e00000)
 ParOldGen       total 87040K, used 7255K [0x0000000780400000, 0x0000000785900000, 0x00000007d5680000)
  object space 87040K, 8% used [0x0000000780400000,0x0000000780b15e28,0x0000000785900000)
 PSPermGen       total 21504K, used 8924K [0x000000077b200000, 0x000000077c700000, 0x0000000780400000)
  object space 21504K, 41% used [0x000000077b200000,0x000000077bab7090,0x000000077c700000)
}
Event: 139.840 GC heap before
{Heap before GC invocations=9 (full 0):
 PSYoungGen      total 39936K, used 32224K [0x00000007d5680000, 0x00000007d8680000, 0x0000000800000000)
  eden space 31744K, 100% used [0x00000007d5680000,0x00000007d7580000,0x00000007d7580000)
  from space 8192K, 5% used [0x00000007d7e00000,0x00000007d7e78010,0x00000007d8600000)
  to   space 8704K, 0% used [0x00000007d7580000,0x00000007d7580000,0x00000007d7e00000)
 ParOldGen       total 87040K, used 7255K [0x0000000780400000, 0x0000000785900000, 0x00000007d5680000)
  object space 87040K, 8% used [0x0000000780400000,0x0000000780b15e28,0x0000000785900000)
 PSPermGen       total 21504K, used 8924K [0x000000077b200000, 0x000000077c700000, 0x0000000780400000)
  object space 21504K, 41% used [0x000000077b200000,0x000000077bab70f0,0x000000077c700000)
Event: 139.841 GC heap after
Heap after GC invocations=9 (full 0):
 PSYoungGen      total 31744K, used 448K [0x00000007d5680000, 0x00000007d8600000, 0x0000000800000000)
  eden space 31232K, 0% used [0x00000007d5680000,0x00000007d5680000,0x00000007d7500000)
  from space 512K, 87% used [0x00000007d7580000,0x00000007d75f0010,0x00000007d7600000)
  to   space 8704K, 0% used [0x00000007d7d80000,0x00000007d7d80000,0x00000007d8600000)
 ParOldGen       total 87040K, used 7311K [0x0000000780400000, 0x0000000785900000, 0x00000007d5680000)
  object space 87040K, 8% used [0x0000000780400000,0x0000000780b23e28,0x0000000785900000)
 PSPermGen       total 21504K, used 8924K [0x000000077b200000, 0x000000077c700000, 0x0000000780400000)
  object space 21504K, 41% used [0x000000077b200000,0x000000077bab70f0,0x000000077c700000)
}

