# JRE version: Java(TM) SE Runtime Environment (7.0_71-b14) (build 1.7.0_71-b14)
# Java VM: Java HotSpot(TM) 64-Bit Server VM (24.71-b01 mixed mode windows-amd64 compressed oops)
Heap
 PSYoungGen      total 24576K, used 14562K [0x00000007d5680000, 0x00000007d6f80000, 0x0000000800000000)
  eden space 24064K, 59% used [0x00000007d5680000,0x00000007d6460930,0x00000007d6e00000)
  from space 512K, 68% used [0x00000007d6e80000,0x00000007d6ed8010,0x00000007d6f00000)
  to   space 512K, 0% used [0x00000007d6f00000,0x00000007d6f00000,0x00000007d6f80000)
 ParOldGen       total 87040K, used 34022K [0x0000000780400000, 0x0000000785900000, 0x00000007d5680000)
  object space 87040K, 39% used [0x0000000780400000,0x00000007825398c8,0x0000000785900000)
 PSPermGen       total 21504K, used 8847K [0x000000077b200000, 0x000000077c700000, 0x0000000780400000)
  object space 21504K, 41% used [0x000000077b200000,0x000000077baa3f80,0x000000077c700000)
GC Heap History (10 events):
Event: 2540.082 GC heap before
{Heap before GC invocations=89 (full 0):
 PSYoungGen      total 24576K, used 24352K [0x00000007d5680000, 0x00000007d6f80000, 0x0000000800000000)
  eden space 24064K, 100% used [0x00000007d5680000,0x00000007d6e00000,0x00000007d6e00000)
  from space 512K, 56% used [0x00000007d6f00000,0x00000007d6f48010,0x00000007d6f80000)
  to   space 512K, 0% used [0x00000007d6e80000,0x00000007d6e80000,0x00000007d6f00000)
 ParOldGen       total 87040K, used 33966K [0x0000000780400000, 0x0000000785900000, 0x00000007d5680000)
  object space 87040K, 39% used [0x0000000780400000,0x000000078252b8c8,0x0000000785900000)
 PSPermGen       total 21504K, used 8828K [0x000000077b200000, 0x000000077c700000, 0x0000000780400000)
  object space 21504K, 41% used [0x000000077b200000,0x000000077ba9f3e8,0x000000077c700000)
Event: 2540.083 GC heap after
Heap after GC invocations=89 (full 0):
 PSYoungGen      total 24576K, used 320K [0x00000007d5680000, 0x00000007d6f80000, 0x0000000800000000)
  eden space 24064K, 0% used [0x00000007d5680000,0x00000007d5680000,0x00000007d6e00000)
  from space 512K, 62% used [0x00000007d6e80000,0x00000007d6ed0010,0x00000007d6f00000)
  to   space 512K, 0% used [0x00000007d6f00000,0x00000007d6f00000,0x00000007d6f80000)
 ParOldGen       total 87040K, used 33974K [0x0000000780400000, 0x0000000785900000, 0x00000007d5680000)
  object space 87040K, 39% used [0x0000000780400000,0x000000078252d8c8,0x0000000785900000)
 PSPermGen       total 21504K, used 8828K [0x000000077b200000, 0x000000077c700000, 0x0000000780400000)
  object space 21504K, 41% used [0x000000077b200000,0x000000077ba9f3e8,0x000000077c700000)
}
Event: 2567.783 GC heap before
{Heap before GC invocations=90 (full 0):
 PSYoungGen      total 24576K, used 24384K [0x00000007d5680000, 0x00000007d6f80000, 0x0000000800000000)
  eden space 24064K, 100% used [0x00000007d5680000,0x00000007d6e00000,0x00000007d6e00000)
  from space 512K, 62% used [0x00000007d6e80000,0x00000007d6ed0010,0x00000007d6f00000)
  to   space 512K, 0% used [0x00000007d6f00000,0x00000007d6f00000,0x00000007d6f80000)
 ParOldGen       total 87040K, used 33974K [0x0000000780400000, 0x0000000785900000, 0x00000007d5680000)
  object space 87040K, 39% used [0x0000000780400000,0x000000078252d8c8,0x0000000785900000)
 PSPermGen       total 21504K, used 8828K [0x000000077b200000, 0x000000077c700000, 0x0000000780400000)
  object space 21504K, 41% used [0x000000077b200000,0x000000077ba9f3e8,0x000000077c700000)
Event: 2567.785 GC heap after
Heap after GC invocations=90 (full 0):
 PSYoungGen      total 24576K, used 352K [0x00000007d5680000, 0x00000007d6f80000, 0x0000000800000000)
  eden space 24064K, 0% used [0x00000007d5680000,0x00000007d5680000,0x00000007d6e00000)
  from space 512K, 68% used [0x00000007d6f00000,0x00000007d6f58010,0x00000007d6f80000)
  to   space 512K, 0% used [0x00000007d6e80000,0x00000007d6e80000,0x00000007d6f00000)
 ParOldGen       total 87040K, used 33982K [0x0000000780400000, 0x0000000785900000, 0x00000007d5680000)
  object space 87040K, 39% used [0x0000000780400000,0x000000078252f8c8,0x0000000785900000)
 PSPermGen       total 21504K, used 8828K [0x000000077b200000, 0x000000077c700000, 0x0000000780400000)
  object space 21504K, 41% used [0x000000077b200000,0x000000077ba9f3e8,0x000000077c700000)
}
Event: 2596.205 GC heap before
{Heap before GC invocations=91 (full 0):
 PSYoungGen      total 24576K, used 24416K [0x00000007d5680000, 0x00000007d6f80000, 0x0000000800000000)
  eden space 24064K, 100% used [0x00000007d5680000,0x00000007d6e00000,0x00000007d6e00000)
  from space 512K, 68% used [0x00000007d6f00000,0x00000007d6f58010,0x00000007d6f80000)
  to   space 512K, 0% used [0x00000007d6e80000,0x00000007d6e80000,0x00000007d6f00000)
 ParOldGen       total 87040K, used 33982K [0x0000000780400000, 0x0000000785900000, 0x00000007d5680000)
  object space 87040K, 39% used [0x0000000780400000,0x000000078252f8c8,0x0000000785900000)
 PSPermGen       total 21504K, used 8828K [0x000000077b200000, 0x000000077c700000, 0x0000000780400000)
  object space 21504K, 41% used [0x000000077b200000,0x000000077ba9f3e8,0x000000077c700000)
Event: 2596.207 GC heap after
Heap after GC invocations=91 (full 0):
 PSYoungGen      total 24576K, used 320K [0x00000007d5680000, 0x00000007d6f80000, 0x0000000800000000)
  eden space 24064K, 0% used [0x00000007d5680000,0x00000007d5680000,0x00000007d6e00000)
  from space 512K, 62% used [0x00000007d6e80000,0x00000007d6ed0010,0x00000007d6f00000)
  to   space 512K, 0% used [0x00000007d6f00000,0x00000007d6f00000,0x00000007d6f80000)
 ParOldGen       total 87040K, used 33998K [0x0000000780400000, 0x0000000785900000, 0x00000007d5680000)
  object space 87040K, 39% used [0x0000000780400000,0x00000007825338c8,0x0000000785900000)
 PSPermGen       total 21504K, used 8828K [0x000000077b200000, 0x000000077c700000, 0x0000000780400000)
  object space 21504K, 41% used [0x000000077b200000,0x000000077ba9f3e8,0x000000077c700000)
}
Event: 2624.007 GC heap before
{Heap before GC invocations=92 (full 0):
 PSYoungGen      total 24576K, used 24384K [0x00000007d5680000, 0x00000007d6f80000, 0x0000000800000000)
  eden space 24064K, 100% used [0x00000007d5680000,0x00000007d6e00000,0x00000007d6e00000)
  from space 512K, 62% used [0x00000007d6e80000,0x00000007d6ed0010,0x00000007d6f00000)
  to   space 512K, 0% used [0x00000007d6f00000,0x00000007d6f00000,0x00000007d6f80000)
 ParOldGen       total 87040K, used 33998K [0x0000000780400000, 0x0000000785900000, 0x00000007d5680000)
  object space 87040K, 39% used [0x0000000780400000,0x00000007825338c8,0x0000000785900000)
 PSPermGen       total 21504K, used 8828K [0x000000077b200000, 0x000000077c700000, 0x0000000780400000)
  object space 21504K, 41% used [0x000000077b200000,0x000000077ba9f3e8,0x000000077c700000)
Event: 2624.009 GC heap after
Heap after GC invocations=92 (full 0):
 PSYoungGen      total 24576K, used 320K [0x00000007d5680000, 0x00000007d6f80000, 0x0000000800000000)
  eden space 24064K, 0% used [0x00000007d5680000,0x00000007d5680000,0x00000007d6e00000)
  from space 512K, 62% used [0x00000007d6f00000,0x00000007d6f50010,0x00000007d6f80000)
  to   space 512K, 0% used [0x00000007d6e80000,0x00000007d6e80000,0x00000007d6f00000)
 ParOldGen       total 87040K, used 34006K [0x0000000780400000, 0x0000000785900000, 0x00000007d5680000)
  object space 87040K, 39% used [0x0000000780400000,0x00000007825358c8,0x0000000785900000)
 PSPermGen       total 21504K, used 8828K [0x000000077b200000, 0x000000077c700000, 0x0000000780400000)
  object space 21504K, 41% used [0x000000077b200000,0x000000077ba9f3e8,0x000000077c700000)
}
Event: 2651.729 GC heap before
{Heap before GC invocations=93 (full 0):
 PSYoungGen      total 24576K, used 24384K [0x00000007d5680000, 0x00000007d6f80000, 0x0000000800000000)
  eden space 24064K, 100% used [0x00000007d5680000,0x00000007d6e00000,0x00000007d6e00000)
  from space 512K, 62% used [0x00000007d6f00000,0x00000007d6f50010,0x00000007d6f80000)
  to   space 512K, 0% used [0x00000007d6e80000,0x00000007d6e80000,0x00000007d6f00000)
 ParOldGen       total 87040K, used 34006K [0x0000000780400000, 0x0000000785900000, 0x00000007d5680000)
  object space 87040K, 39% used [0x0000000780400000,0x00000007825358c8,0x0000000785900000)
 PSPermGen       total 21504K, used 8828K [0x000000077b200000, 0x000000077c700000, 0x0000000780400000)
  object space 21504K, 41% used [0x000000077b200000,0x000000077ba9f3e8,0x000000077c700000)
Event: 2651.730 GC heap after
Heap after GC invocations=93 (full 0):
 PSYoungGen      total 24576K, used 352K [0x00000007d5680000, 0x00000007d6f80000, 0x0000000800000000)
  eden space 24064K, 0% used [0x00000007d5680000,0x00000007d5680000,0x00000007d6e00000)
  from space 512K, 68% used [0x00000007d6e80000,0x00000007d6ed8010,0x00000007d6f00000)
  to   space 512K, 0% used [0x00000007d6f00000,0x00000007d6f00000,0x00000007d6f80000)
 ParOldGen       total 87040K, used 34022K [0x0000000780400000, 0x0000000785900000, 0x00000007d5680000)
  object space 87040K, 39% used [0x0000000780400000,0x00000007825398c8,0x0000000785900000)
 PSPermGen       total 21504K, used 8828K [0x000000077b200000, 0x000000077c700000, 0x0000000780400000)
  object space 21504K, 41% used [0x000000077b200000,0x000000077ba9f3e8,0x000000077c700000)
}

