# JRE version: Java(TM) SE Runtime Environment (7.0_71-b14) (build 1.7.0_71-b14)
# Java VM: Java HotSpot(TM) 64-Bit Server VM (24.71-b01 mixed mode windows-amd64 compressed oops)
Heap
 PSYoungGen      total 24576K, used 11008K [0x00000007d5680000, 0x00000007d7600000, 0x0000000800000000)
  eden space 24064K, 44% used [0x00000007d5680000,0x00000007d60d8268,0x00000007d6e00000)
  from space 512K, 81% used [0x00000007d6e00000,0x00000007d6e68010,0x00000007d6e80000)
  to   space 4096K, 0% used [0x00000007d7200000,0x00000007d7200000,0x00000007d7600000)
 ParOldGen       total 87040K, used 7934K [0x0000000780400000, 0x0000000785900000, 0x00000007d5680000)
  object space 87040K, 9% used [0x0000000780400000,0x0000000780bbfa78,0x0000000785900000)
 PSPermGen       total 21504K, used 8934K [0x000000077b200000, 0x000000077c700000, 0x0000000780400000)
  object space 21504K, 41% used [0x000000077b200000,0x000000077bab9938,0x000000077c700000)
GC Heap History (10 events):
Event: 178.189 GC heap before
{Heap before GC invocations=25 (full 0):
 PSYoungGen      total 29696K, used 24448K [0x00000007d5680000, 0x00000007d7900000, 0x0000000800000000)
  eden space 24064K, 100% used [0x00000007d5680000,0x00000007d6e00000,0x00000007d6e00000)
  from space 5632K, 6% used [0x00000007d7380000,0x00000007d73e0010,0x00000007d7900000)
  to   space 5632K, 0% used [0x00000007d6e00000,0x00000007d6e00000,0x00000007d7380000)
 ParOldGen       total 87040K, used 7710K [0x0000000780400000, 0x0000000785900000, 0x00000007d5680000)
  object space 87040K, 8% used [0x0000000780400000,0x0000000780b87a78,0x0000000785900000)
 PSPermGen       total 21504K, used 8892K [0x000000077b200000, 0x000000077c700000, 0x0000000780400000)
  object space 21504K, 41% used [0x000000077b200000,0x000000077baaf058,0x000000077c700000)
Event: 178.190 GC heap after
Heap after GC invocations=25 (full 0):
 PSYoungGen      total 24576K, used 416K [0x00000007d5680000, 0x00000007d7800000, 0x0000000800000000)
  eden space 24064K, 0% used [0x00000007d5680000,0x00000007d5680000,0x00000007d6e00000)
  from space 512K, 81% used [0x00000007d6e00000,0x00000007d6e68010,0x00000007d6e80000)
  to   space 5120K, 0% used [0x00000007d7300000,0x00000007d7300000,0x00000007d7800000)
 ParOldGen       total 87040K, used 7766K [0x0000000780400000, 0x0000000785900000, 0x00000007d5680000)
  object space 87040K, 8% used [0x0000000780400000,0x0000000780b95a78,0x0000000785900000)
 PSPermGen       total 21504K, used 8892K [0x000000077b200000, 0x000000077c700000, 0x0000000780400000)
  object space 21504K, 41% used [0x000000077b200000,0x000000077baaf058,0x000000077c700000)
}
Event: 183.491 GC heap before
{Heap before GC invocations=26 (full 0):
 PSYoungGen      total 24576K, used 24480K [0x00000007d5680000, 0x00000007d7800000, 0x0000000800000000)
  eden space 24064K, 100% used [0x00000007d5680000,0x00000007d6e00000,0x00000007d6e00000)
  from space 512K, 81% used [0x00000007d6e00000,0x00000007d6e68010,0x00000007d6e80000)
  to   space 5120K, 0% used [0x00000007d7300000,0x00000007d7300000,0x00000007d7800000)
 ParOldGen       total 87040K, used 7766K [0x0000000780400000, 0x0000000785900000, 0x00000007d5680000)
  object space 87040K, 8% used [0x0000000780400000,0x0000000780b95a78,0x0000000785900000)
 PSPermGen       total 21504K, used 8892K [0x000000077b200000, 0x000000077c700000, 0x0000000780400000)
  object space 21504K, 41% used [0x000000077b200000,0x000000077baaf058,0x000000077c700000)
Event: 183.492 GC heap after
Heap after GC invocations=26 (full 0):
 PSYoungGen      total 29184K, used 448K [0x00000007d5680000, 0x00000007d7800000, 0x0000000800000000)
  eden space 24064K, 0% used [0x00000007d5680000,0x00000007d5680000,0x00000007d6e00000)
  from space 5120K, 8% used [0x00000007d7300000,0x00000007d7370010,0x00000007d7800000)
  to   space 5120K, 0% used [0x00000007d6e00000,0x00000007d6e00000,0x00000007d7300000)
 ParOldGen       total 87040K, used 7822K [0x0000000780400000, 0x0000000785900000, 0x00000007d5680000)
  object space 87040K, 8% used [0x0000000780400000,0x0000000780ba3a78,0x0000000785900000)
 PSPermGen       total 21504K, used 8892K [0x000000077b200000, 0x000000077c700000, 0x0000000780400000)
  object space 21504K, 41% used [0x000000077b200000,0x000000077baaf058,0x000000077c700000)
}
Event: 188.590 GC heap before
{Heap before GC invocations=27 (full 0):
 PSYoungGen      total 29184K, used 24512K [0x00000007d5680000, 0x00000007d7800000, 0x0000000800000000)
  eden space 24064K, 100% used [0x00000007d5680000,0x00000007d6e00000,0x00000007d6e00000)
  from space 5120K, 8% used [0x00000007d7300000,0x00000007d7370010,0x00000007d7800000)
  to   space 5120K, 0% used [0x00000007d6e00000,0x00000007d6e00000,0x00000007d7300000)
 ParOldGen       total 87040K, used 7822K [0x0000000780400000, 0x0000000785900000, 0x00000007d5680000)
  object space 87040K, 8% used [0x0000000780400000,0x0000000780ba3a78,0x0000000785900000)
 PSPermGen       total 21504K, used 8892K [0x000000077b200000, 0x000000077c700000, 0x0000000780400000)
  object space 21504K, 41% used [0x000000077b200000,0x000000077baaf058,0x000000077c700000)
Event: 188.591 GC heap after
Heap after GC invocations=27 (full 0):
 PSYoungGen      total 24576K, used 416K [0x00000007d5680000, 0x00000007d7700000, 0x0000000800000000)
  eden space 24064K, 0% used [0x00000007d5680000,0x00000007d5680000,0x00000007d6e00000)
  from space 512K, 81% used [0x00000007d6e00000,0x00000007d6e68010,0x00000007d6e80000)
  to   space 4608K, 0% used [0x00000007d7280000,0x00000007d7280000,0x00000007d7700000)
 ParOldGen       total 87040K, used 7854K [0x0000000780400000, 0x0000000785900000, 0x00000007d5680000)
  object space 87040K, 9% used [0x0000000780400000,0x0000000780baba78,0x0000000785900000)
 PSPermGen       total 21504K, used 8892K [0x000000077b200000, 0x000000077c700000, 0x0000000780400000)
  object space 21504K, 41% used [0x000000077b200000,0x000000077baaf058,0x000000077c700000)
}
Event: 199.453 GC heap before
{Heap before GC invocations=28 (full 0):
 PSYoungGen      total 24576K, used 24480K [0x00000007d5680000, 0x00000007d7700000, 0x0000000800000000)
  eden space 24064K, 100% used [0x00000007d5680000,0x00000007d6e00000,0x00000007d6e00000)
  from space 512K, 81% used [0x00000007d6e00000,0x00000007d6e68010,0x00000007d6e80000)
  to   space 4608K, 0% used [0x00000007d7280000,0x00000007d7280000,0x00000007d7700000)
 ParOldGen       total 87040K, used 7854K [0x0000000780400000, 0x0000000785900000, 0x00000007d5680000)
  object space 87040K, 9% used [0x0000000780400000,0x0000000780baba78,0x0000000785900000)
 PSPermGen       total 21504K, used 8893K [0x000000077b200000, 0x000000077c700000, 0x0000000780400000)
  object space 21504K, 41% used [0x000000077b200000,0x000000077baaf400,0x000000077c700000)
Event: 199.454 GC heap after
Heap after GC invocations=28 (full 0):
 PSYoungGen      total 28672K, used 416K [0x00000007d5680000, 0x00000007d7700000, 0x0000000800000000)
  eden space 24064K, 0% used [0x00000007d5680000,0x00000007d5680000,0x00000007d6e00000)
  from space 4608K, 9% used [0x00000007d7280000,0x00000007d72e8010,0x00000007d7700000)
  to   space 4608K, 0% used [0x00000007d6e00000,0x00000007d6e00000,0x00000007d7280000)
 ParOldGen       total 87040K, used 7894K [0x0000000780400000, 0x0000000785900000, 0x00000007d5680000)
  object space 87040K, 9% used [0x0000000780400000,0x0000000780bb5a78,0x0000000785900000)
 PSPermGen       total 21504K, used 8893K [0x000000077b200000, 0x000000077c700000, 0x0000000780400000)
  object space 21504K, 41% used [0x000000077b200000,0x000000077baaf400,0x000000077c700000)
}
Event: 206.431 GC heap before
{Heap before GC invocations=29 (full 0):
 PSYoungGen      total 28672K, used 24480K [0x00000007d5680000, 0x00000007d7700000, 0x0000000800000000)
  eden space 24064K, 100% used [0x00000007d5680000,0x00000007d6e00000,0x00000007d6e00000)
  from space 4608K, 9% used [0x00000007d7280000,0x00000007d72e8010,0x00000007d7700000)
  to   space 4608K, 0% used [0x00000007d6e00000,0x00000007d6e00000,0x00000007d7280000)
 ParOldGen       total 87040K, used 7894K [0x0000000780400000, 0x0000000785900000, 0x00000007d5680000)
  object space 87040K, 9% used [0x0000000780400000,0x0000000780bb5a78,0x0000000785900000)
 PSPermGen       total 21504K, used 8893K [0x000000077b200000, 0x000000077c700000, 0x0000000780400000)
  object space 21504K, 41% used [0x000000077b200000,0x000000077baaf4a0,0x000000077c700000)
Event: 206.432 GC heap after
Heap after GC invocations=29 (full 0):
 PSYoungGen      total 24576K, used 416K [0x00000007d5680000, 0x00000007d7600000, 0x0000000800000000)
  eden space 24064K, 0% used [0x00000007d5680000,0x00000007d5680000,0x00000007d6e00000)
  from space 512K, 81% used [0x00000007d6e00000,0x00000007d6e68010,0x00000007d6e80000)
  to   space 4096K, 0% used [0x00000007d7200000,0x00000007d7200000,0x00000007d7600000)
 ParOldGen       total 87040K, used 7934K [0x0000000780400000, 0x0000000785900000, 0x00000007d5680000)
  object space 87040K, 9% used [0x0000000780400000,0x0000000780bbfa78,0x0000000785900000)
 PSPermGen       total 21504K, used 8893K [0x000000077b200000, 0x000000077c700000, 0x0000000780400000)
  object space 21504K, 41% used [0x000000077b200000,0x000000077baaf4a0,0x000000077c700000)
}

