# JRE version: Java(TM) SE Runtime Environment (8.0_66-b18) (build 1.8.0_66-b18)
# Java VM: Java HotSpot(TM) 64-Bit Server VM (25.66-b18 mixed mode windows-amd64 compressed oops)
Heap:
 PSYoungGen      total 25088K, used 14175K [0x00000000d5700000, 0x00000000d7c00000, 0x0000000100000000)
  eden space 24576K, 55% used [0x00000000d5700000,0x00000000d646fdc8,0x00000000d6f00000)
  from space 512K, 81% used [0x00000000d6f80000,0x00000000d6fe8010,0x00000000d7000000)
  to   space 6656K, 0% used [0x00000000d7580000,0x00000000d7580000,0x00000000d7c00000)
 ParOldGen       total 87552K, used 11416K [0x0000000080400000, 0x0000000085980000, 0x00000000d5700000)
  object space 87552K, 13% used [0x0000000080400000,0x0000000080f26368,0x0000000085980000)
 Metaspace       used 10168K, capacity 10262K, committed 10368K, reserved 1058816K
  class space    used 879K, capacity 884K, committed 896K, reserved 1048576K
GC Heap History (10 events):
Event: 347.878 GC heap before
{Heap before GC invocations=17 (full 0):
 PSYoungGen      total 34816K, used 28080K [0x00000000d5700000, 0x00000000d8180000, 0x0000000100000000)
  eden space 27136K, 100% used [0x00000000d5700000,0x00000000d7180000,0x00000000d7180000)
  from space 7680K, 12% used [0x00000000d7a00000,0x00000000d7aec108,0x00000000d8180000)
  to   space 8192K, 0% used [0x00000000d7180000,0x00000000d7180000,0x00000000d7980000)
 ParOldGen       total 87552K, used 10310K [0x0000000080400000, 0x0000000085980000, 0x00000000d5700000)
  object space 87552K, 11% used [0x0000000080400000,0x0000000080e11958,0x0000000085980000)
 Metaspace       used 10145K, capacity 10262K, committed 10368K, reserved 1058816K
  class space    used 875K, capacity 884K, committed 896K, reserved 1048576K
Event: 347.880 GC heap after
Heap after GC invocations=17 (full 0):
 PSYoungGen      total 27136K, used 224K [0x00000000d5700000, 0x00000000d8000000, 0x0000000100000000)
  eden space 26624K, 0% used [0x00000000d5700000,0x00000000d5700000,0x00000000d7100000)
  from space 512K, 43% used [0x00000000d7180000,0x00000000d71b8000,0x00000000d7200000)
  to   space 7680K, 0% used [0x00000000d7880000,0x00000000d7880000,0x00000000d8000000)
 ParOldGen       total 87552K, used 11104K [0x0000000080400000, 0x0000000085980000, 0x00000000d5700000)
  object space 87552K, 12% used [0x0000000080400000,0x0000000080ed8358,0x0000000085980000)
 Metaspace       used 10145K, capacity 10262K, committed 10368K, reserved 1058816K
  class space    used 875K, capacity 884K, committed 896K, reserved 1048576K
}
Event: 448.945 GC heap before
{Heap before GC invocations=18 (full 0):
 PSYoungGen      total 27136K, used 26848K [0x00000000d5700000, 0x00000000d8000000, 0x0000000100000000)
  eden space 26624K, 100% used [0x00000000d5700000,0x00000000d7100000,0x00000000d7100000)
  from space 512K, 43% used [0x00000000d7180000,0x00000000d71b8000,0x00000000d7200000)
  to   space 7680K, 0% used [0x00000000d7880000,0x00000000d7880000,0x00000000d8000000)
 ParOldGen       total 87552K, used 11104K [0x0000000080400000, 0x0000000085980000, 0x00000000d5700000)
  object space 87552K, 12% used [0x0000000080400000,0x0000000080ed8358,0x0000000085980000)
 Metaspace       used 10148K, capacity 10262K, committed 10368K, reserved 1058816K
  class space    used 875K, capacity 884K, committed 896K, reserved 1048576K
Event: 448.946 GC heap after
Heap after GC invocations=18 (full 0):
 PSYoungGen      total 33280K, used 352K [0x00000000d5700000, 0x00000000d7f80000, 0x0000000100000000)
  eden space 26112K, 0% used [0x00000000d5700000,0x00000000d5700000,0x00000000d7080000)
  from space 7168K, 4% used [0x00000000d7880000,0x00000000d78d8010,0x00000000d7f80000)
  to   space 7680K, 0% used [0x00000000d7080000,0x00000000d7080000,0x00000000d7800000)
 ParOldGen       total 87552K, used 11168K [0x0000000080400000, 0x0000000085980000, 0x00000000d5700000)
  object space 87552K, 12% used [0x0000000080400000,0x0000000080ee8358,0x0000000085980000)
 Metaspace       used 10148K, capacity 10262K, committed 10368K, reserved 1058816K
  class space    used 875K, capacity 884K, committed 896K, reserved 1048576K
}
Event: 548.673 GC heap before
{Heap before GC invocations=19 (full 0):
 PSYoungGen      total 33280K, used 26464K [0x00000000d5700000, 0x00000000d7f80000, 0x0000000100000000)
  eden space 26112K, 100% used [0x00000000d5700000,0x00000000d7080000,0x00000000d7080000)
  from space 7168K, 4% used [0x00000000d7880000,0x00000000d78d8010,0x00000000d7f80000)
  to   space 7680K, 0% used [0x00000000d7080000,0x00000000d7080000,0x00000000d7800000)
 ParOldGen       total 87552K, used 11168K [0x0000000080400000, 0x0000000085980000, 0x00000000d5700000)
  object space 87552K, 12% used [0x0000000080400000,0x0000000080ee8358,0x0000000085980000)
 Metaspace       used 10148K, capacity 10262K, committed 10368K, reserved 1058816K
  class space    used 875K, capacity 884K, committed 896K, reserved 1048576K
Event: 548.674 GC heap after
Heap after GC invocations=19 (full 0):
 PSYoungGen      total 26112K, used 160K [0x00000000d5700000, 0x00000000d7e00000, 0x0000000100000000)
  eden space 25600K, 0% used [0x00000000d5700000,0x00000000d5700000,0x00000000d7000000)
  from space 512K, 31% used [0x00000000d7080000,0x00000000d70a8000,0x00000000d7100000)
  to   space 7168K, 0% used [0x00000000d7700000,0x00000000d7700000,0x00000000d7e00000)
 ParOldGen       total 87552K, used 11368K [0x0000000080400000, 0x0000000085980000, 0x00000000d5700000)
  object space 87552K, 12% used [0x0000000080400000,0x0000000080f1a368,0x0000000085980000)
 Metaspace       used 10148K, capacity 10262K, committed 10368K, reserved 1058816K
  class space    used 875K, capacity 884K, committed 896K, reserved 1048576K
}
Event: 589.335 GC heap before
{Heap before GC invocations=20 (full 0):
 PSYoungGen      total 26112K, used 25760K [0x00000000d5700000, 0x00000000d7e00000, 0x0000000100000000)
  eden space 25600K, 100% used [0x00000000d5700000,0x00000000d7000000,0x00000000d7000000)
  from space 512K, 31% used [0x00000000d7080000,0x00000000d70a8000,0x00000000d7100000)
  to   space 7168K, 0% used [0x00000000d7700000,0x00000000d7700000,0x00000000d7e00000)
 ParOldGen       total 87552K, used 11368K [0x0000000080400000, 0x0000000085980000, 0x00000000d5700000)
  object space 87552K, 12% used [0x0000000080400000,0x0000000080f1a368,0x0000000085980000)
 Metaspace       used 10148K, capacity 10262K, committed 10368K, reserved 1058816K
  class space    used 875K, capacity 884K, committed 896K, reserved 1048576K
Event: 589.337 GC heap after
Heap after GC invocations=20 (full 0):
 PSYoungGen      total 31744K, used 256K [0x00000000d5700000, 0x00000000d7d80000, 0x0000000100000000)
  eden space 25088K, 0% used [0x00000000d5700000,0x00000000d5700000,0x00000000d6f80000)
  from space 6656K, 3% used [0x00000000d7700000,0x00000000d7740000,0x00000000d7d80000)
  to   space 7168K, 0% used [0x00000000d6f80000,0x00000000d6f80000,0x00000000d7680000)
 ParOldGen       total 87552K, used 11376K [0x0000000080400000, 0x0000000085980000, 0x00000000d5700000)
  object space 87552K, 12% used [0x0000000080400000,0x0000000080f1c368,0x0000000085980000)
 Metaspace       used 10148K, capacity 10262K, committed 10368K, reserved 1058816K
  class space    used 875K, capacity 884K, committed 896K, reserved 1048576K
}
Event: 648.260 GC heap before
{Heap before GC invocations=21 (full 0):
 PSYoungGen      total 31744K, used 25344K [0x00000000d5700000, 0x00000000d7d80000, 0x0000000100000000)
  eden space 25088K, 100% used [0x00000000d5700000,0x00000000d6f80000,0x00000000d6f80000)
  from space 6656K, 3% used [0x00000000d7700000,0x00000000d7740000,0x00000000d7d80000)
  to   space 7168K, 0% used [0x00000000d6f80000,0x00000000d6f80000,0x00000000d7680000)
 ParOldGen       total 87552K, used 11376K [0x0000000080400000, 0x0000000085980000, 0x00000000d5700000)
  object space 87552K, 12% used [0x0000000080400000,0x0000000080f1c368,0x0000000085980000)
 Metaspace       used 10148K, capacity 10262K, committed 10368K, reserved 1058816K
  class space    used 875K, capacity 884K, committed 896K, reserved 1048576K
Event: 648.261 GC heap after
Heap after GC invocations=21 (full 0):
 PSYoungGen      total 25088K, used 416K [0x00000000d5700000, 0x00000000d7c00000, 0x0000000100000000)
  eden space 24576K, 0% used [0x00000000d5700000,0x00000000d5700000,0x00000000d6f00000)
  from space 512K, 81% used [0x00000000d6f80000,0x00000000d6fe8010,0x00000000d7000000)
  to   space 6656K, 0% used [0x00000000d7580000,0x00000000d7580000,0x00000000d7c00000)
 ParOldGen       total 87552K, used 11416K [0x0000000080400000, 0x0000000085980000, 0x00000000d5700000)
  object space 87552K, 13% used [0x0000000080400000,0x0000000080f26368,0x0000000085980000)
 Metaspace       used 10148K, capacity 10262K, committed 10368K, reserved 1058816K
  class space    used 875K, capacity 884K, committed 896K, reserved 1048576K
}

