# JRE version: Java(TM) SE Runtime Environment (7.0_71-b14) (build 1.7.0_71-b14)
# Java VM: Java HotSpot(TM) 64-Bit Server VM (24.71-b01 mixed mode windows-amd64 compressed oops)
Heap
 PSYoungGen      total 38400K, used 15239K [0x00000007d5680000, 0x00000007dac00000, 0x0000000800000000)
  eden space 33280K, 30% used [0x00000007d5680000,0x00000007d6068068,0x00000007d7700000)
  from space 5120K, 99% used [0x00000007d7780000,0x00000007d7c79c28,0x00000007d7c80000)
  to   space 27136K, 0% used [0x00000007d9180000,0x00000007d9180000,0x00000007dac00000)
 ParOldGen       total 87040K, used 28599K [0x0000000780400000, 0x0000000785900000, 0x00000007d5680000)
  object space 87040K, 32% used [0x0000000780400000,0x0000000781fede90,0x0000000785900000)
 PSPermGen       total 21504K, used 8937K [0x000000077b200000, 0x000000077c700000, 0x0000000780400000)
  object space 21504K, 41% used [0x000000077b200000,0x000000077baba5f0,0x000000077c700000)
GC Heap History (10 events):
Event: 6.718 GC heap before
{Heap before GC invocations=1 (full 0):
 PSYoungGen      total 38912K, used 33792K [0x00000007d5680000, 0x00000007d8180000, 0x0000000800000000)
  eden space 33792K, 100% used [0x00000007d5680000,0x00000007d7780000,0x00000007d7780000)
  from space 5120K, 0% used [0x00000007d7c80000,0x00000007d7c80000,0x00000007d8180000)
  to   space 5120K, 0% used [0x00000007d7780000,0x00000007d7780000,0x00000007d7c80000)
 ParOldGen       total 87040K, used 0K [0x0000000780400000, 0x0000000785900000, 0x00000007d5680000)
  object space 87040K, 0% used [0x0000000780400000,0x0000000780400000,0x0000000785900000)
 PSPermGen       total 21504K, used 7229K [0x000000077b200000, 0x000000077c700000, 0x0000000780400000)
  object space 21504K, 33% used [0x000000077b200000,0x000000077b90f610,0x000000077c700000)
Event: 6.733 GC heap after
Heap after GC invocations=1 (full 0):
 PSYoungGen      total 38912K, used 5101K [0x00000007d5680000, 0x00000007d8180000, 0x0000000800000000)
  eden space 33792K, 0% used [0x00000007d5680000,0x00000007d5680000,0x00000007d7780000)
  from space 5120K, 99% used [0x00000007d7780000,0x00000007d7c7b610,0x00000007d7c80000)
  to   space 5120K, 0% used [0x00000007d7c80000,0x00000007d7c80000,0x00000007d8180000)
 ParOldGen       total 87040K, used 6450K [0x0000000780400000, 0x0000000785900000, 0x00000007d5680000)
  object space 87040K, 7% used [0x0000000780400000,0x0000000780a4cbb8,0x0000000785900000)
 PSPermGen       total 21504K, used 7229K [0x000000077b200000, 0x000000077c700000, 0x0000000780400000)
  object space 21504K, 33% used [0x000000077b200000,0x000000077b90f610,0x000000077c700000)
}
Event: 9.762 GC heap before
{Heap before GC invocations=2 (full 0):
 PSYoungGen      total 38912K, used 38893K [0x00000007d5680000, 0x00000007d8180000, 0x0000000800000000)
  eden space 33792K, 100% used [0x00000007d5680000,0x00000007d7780000,0x00000007d7780000)
  from space 5120K, 99% used [0x00000007d7780000,0x00000007d7c7b610,0x00000007d7c80000)
  to   space 5120K, 0% used [0x00000007d7c80000,0x00000007d7c80000,0x00000007d8180000)
 ParOldGen       total 87040K, used 6450K [0x0000000780400000, 0x0000000785900000, 0x00000007d5680000)
  object space 87040K, 7% used [0x0000000780400000,0x0000000780a4cbb8,0x0000000785900000)
 PSPermGen       total 21504K, used 7912K [0x000000077b200000, 0x000000077c700000, 0x0000000780400000)
  object space 21504K, 36% used [0x000000077b200000,0x000000077b9ba150,0x000000077c700000)
Event: 9.799 GC heap after
Heap after GC invocations=2 (full 0):
 PSYoungGen      total 38912K, used 5111K [0x00000007d5680000, 0x00000007d8180000, 0x0000000800000000)
  eden space 33792K, 0% used [0x00000007d5680000,0x00000007d5680000,0x00000007d7780000)
  from space 5120K, 99% used [0x00000007d7c80000,0x00000007d817de60,0x00000007d8180000)
  to   space 5120K, 0% used [0x00000007d7780000,0x00000007d7780000,0x00000007d7c80000)
 ParOldGen       total 87040K, used 26613K [0x0000000780400000, 0x0000000785900000, 0x00000007d5680000)
  object space 87040K, 30% used [0x0000000780400000,0x0000000781dfd6b8,0x0000000785900000)
 PSPermGen       total 21504K, used 7912K [0x000000077b200000, 0x000000077c700000, 0x0000000780400000)
  object space 21504K, 36% used [0x000000077b200000,0x000000077b9ba150,0x000000077c700000)
}
Event: 31.543 GC heap before
{Heap before GC invocations=3 (full 0):
 PSYoungGen      total 38912K, used 38903K [0x00000007d5680000, 0x00000007d8180000, 0x0000000800000000)
  eden space 33792K, 100% used [0x00000007d5680000,0x00000007d7780000,0x00000007d7780000)
  from space 5120K, 99% used [0x00000007d7c80000,0x00000007d817de60,0x00000007d8180000)
  to   space 5120K, 0% used [0x00000007d7780000,0x00000007d7780000,0x00000007d7c80000)
 ParOldGen       total 87040K, used 26613K [0x0000000780400000, 0x0000000785900000, 0x00000007d5680000)
  object space 87040K, 30% used [0x0000000780400000,0x0000000781dfd6b8,0x0000000785900000)
 PSPermGen       total 21504K, used 8668K [0x000000077b200000, 0x000000077c700000, 0x0000000780400000)
  object space 21504K, 40% used [0x000000077b200000,0x000000077ba77398,0x000000077c700000)
Event: 31.553 GC heap after
Heap after GC invocations=3 (full 0):
 PSYoungGen      total 38912K, used 5095K [0x00000007d5680000, 0x00000007d8180000, 0x0000000800000000)
  eden space 33792K, 0% used [0x00000007d5680000,0x00000007d5680000,0x00000007d7780000)
  from space 5120K, 99% used [0x00000007d7780000,0x00000007d7c79d48,0x00000007d7c80000)
  to   space 5120K, 0% used [0x00000007d7c80000,0x00000007d7c80000,0x00000007d8180000)
 ParOldGen       total 87040K, used 27882K [0x0000000780400000, 0x0000000785900000, 0x00000007d5680000)
  object space 87040K, 32% used [0x0000000780400000,0x0000000781f3aa88,0x0000000785900000)
 PSPermGen       total 21504K, used 8668K [0x000000077b200000, 0x000000077c700000, 0x0000000780400000)
  object space 21504K, 40% used [0x000000077b200000,0x000000077ba77398,0x000000077c700000)
}
Event: 76.146 GC heap before
{Heap before GC invocations=4 (full 0):
 PSYoungGen      total 38912K, used 38887K [0x00000007d5680000, 0x00000007d8180000, 0x0000000800000000)
  eden space 33792K, 100% used [0x00000007d5680000,0x00000007d7780000,0x00000007d7780000)
  from space 5120K, 99% used [0x00000007d7780000,0x00000007d7c79d48,0x00000007d7c80000)
  to   space 5120K, 0% used [0x00000007d7c80000,0x00000007d7c80000,0x00000007d8180000)
 ParOldGen       total 87040K, used 27882K [0x0000000780400000, 0x0000000785900000, 0x00000007d5680000)
  object space 87040K, 32% used [0x0000000780400000,0x0000000781f3aa88,0x0000000785900000)
 PSPermGen       total 21504K, used 8837K [0x000000077b200000, 0x000000077c700000, 0x0000000780400000)
  object space 21504K, 41% used [0x000000077b200000,0x000000077baa1700,0x000000077c700000)
Event: 76.154 GC heap after
Heap after GC invocations=4 (full 0):
 PSYoungGen      total 38912K, used 5095K [0x00000007d5680000, 0x00000007d8180000, 0x0000000800000000)
  eden space 33792K, 0% used [0x00000007d5680000,0x00000007d5680000,0x00000007d7780000)
  from space 5120K, 99% used [0x00000007d7c80000,0x00000007d8179c28,0x00000007d8180000)
  to   space 5120K, 0% used [0x00000007d7780000,0x00000007d7780000,0x00000007d7c80000)
 ParOldGen       total 87040K, used 28511K [0x0000000780400000, 0x0000000785900000, 0x00000007d5680000)
  object space 87040K, 32% used [0x0000000780400000,0x0000000781fd7e90,0x0000000785900000)
 PSPermGen       total 21504K, used 8837K [0x000000077b200000, 0x000000077c700000, 0x0000000780400000)
  object space 21504K, 41% used [0x000000077b200000,0x000000077baa1700,0x000000077c700000)
}
Event: 136.190 GC heap before
{Heap before GC invocations=5 (full 0):
 PSYoungGen      total 38912K, used 38887K [0x00000007d5680000, 0x00000007d8180000, 0x0000000800000000)
  eden space 33792K, 100% used [0x00000007d5680000,0x00000007d7780000,0x00000007d7780000)
  from space 5120K, 99% used [0x00000007d7c80000,0x00000007d8179c28,0x00000007d8180000)
  to   space 5120K, 0% used [0x00000007d7780000,0x00000007d7780000,0x00000007d7c80000)
 ParOldGen       total 87040K, used 28511K [0x0000000780400000, 0x0000000785900000, 0x00000007d5680000)
  object space 87040K, 32% used [0x0000000780400000,0x0000000781fd7e90,0x0000000785900000)
 PSPermGen       total 21504K, used 8918K [0x000000077b200000, 0x000000077c700000, 0x0000000780400000)
  object space 21504K, 41% used [0x000000077b200000,0x000000077bab5ab8,0x000000077c700000)
Event: 136.199 GC heap after
Heap after GC invocations=5 (full 0):
 PSYoungGen      total 38400K, used 5095K [0x00000007d5680000, 0x00000007dac00000, 0x0000000800000000)
  eden space 33280K, 0% used [0x00000007d5680000,0x00000007d5680000,0x00000007d7700000)
  from space 5120K, 99% used [0x00000007d7780000,0x00000007d7c79c28,0x00000007d7c80000)
  to   space 27136K, 0% used [0x00000007d9180000,0x00000007d9180000,0x00000007dac00000)
 ParOldGen       total 87040K, used 28599K [0x0000000780400000, 0x0000000785900000, 0x00000007d5680000)
  object space 87040K, 32% used [0x0000000780400000,0x0000000781fede90,0x0000000785900000)
 PSPermGen       total 21504K, used 8918K [0x000000077b200000, 0x000000077c700000, 0x0000000780400000)
  object space 21504K, 41% used [0x000000077b200000,0x000000077bab5ab8,0x000000077c700000)
}

