# JRE version: Java(TM) SE Runtime Environment (7.0_71-b14) (build 1.7.0_71-b14)
# Java VM: Java HotSpot(TM) 64-Bit Server VM (24.71-b01 mixed mode windows-amd64 compressed oops)
Heap
 PSYoungGen      total 28672K, used 12397K [0x00000007d5680000, 0x00000007d7700000, 0x0000000800000000)
  eden space 24064K, 49% used [0x00000007d5680000,0x00000007d623b758,0x00000007d6e00000)
  from space 4608K, 8% used [0x00000007d7280000,0x00000007d72e0010,0x00000007d7700000)
  to   space 4608K, 0% used [0x00000007d6e00000,0x00000007d6e00000,0x00000007d7280000)
 ParOldGen       total 87040K, used 8086K [0x0000000780400000, 0x0000000785900000, 0x00000007d5680000)
  object space 87040K, 9% used [0x0000000780400000,0x0000000780be5b10,0x0000000785900000)
 PSPermGen       total 21504K, used 8945K [0x000000077b200000, 0x000000077c700000, 0x0000000780400000)
  object space 21504K, 41% used [0x000000077b200000,0x000000077babc480,0x000000077c700000)
GC Heap History (10 events):
Event: 246.346 GC heap before
{Heap before GC invocations=24 (full 0):
 PSYoungGen      total 24576K, used 24416K [0x00000007d5680000, 0x00000007d7900000, 0x0000000800000000)
  eden space 24064K, 100% used [0x00000007d5680000,0x00000007d6e00000,0x00000007d6e00000)
  from space 512K, 68% used [0x00000007d6e80000,0x00000007d6ed8010,0x00000007d6f00000)
  to   space 5632K, 0% used [0x00000007d7380000,0x00000007d7380000,0x00000007d7900000)
 ParOldGen       total 87040K, used 7862K [0x0000000780400000, 0x0000000785900000, 0x00000007d5680000)
  object space 87040K, 9% used [0x0000000780400000,0x0000000780badb10,0x0000000785900000)
 PSPermGen       total 21504K, used 8917K [0x000000077b200000, 0x000000077c700000, 0x0000000780400000)
  object space 21504K, 41% used [0x000000077b200000,0x000000077bab57c0,0x000000077c700000)
Event: 246.347 GC heap after
Heap after GC invocations=24 (full 0):
 PSYoungGen      total 29696K, used 416K [0x00000007d5680000, 0x00000007d7900000, 0x0000000800000000)
  eden space 24064K, 0% used [0x00000007d5680000,0x00000007d5680000,0x00000007d6e00000)
  from space 5632K, 7% used [0x00000007d7380000,0x00000007d73e8010,0x00000007d7900000)
  to   space 5632K, 0% used [0x00000007d6e00000,0x00000007d6e00000,0x00000007d7380000)
 ParOldGen       total 87040K, used 7910K [0x0000000780400000, 0x0000000785900000, 0x00000007d5680000)
  object space 87040K, 9% used [0x0000000780400000,0x0000000780bb9b10,0x0000000785900000)
 PSPermGen       total 21504K, used 8917K [0x000000077b200000, 0x000000077c700000, 0x0000000780400000)
  object space 21504K, 41% used [0x000000077b200000,0x000000077bab57c0,0x000000077c700000)
}
Event: 255.947 GC heap before
{Heap before GC invocations=25 (full 0):
 PSYoungGen      total 29696K, used 24480K [0x00000007d5680000, 0x00000007d7900000, 0x0000000800000000)
  eden space 24064K, 100% used [0x00000007d5680000,0x00000007d6e00000,0x00000007d6e00000)
  from space 5632K, 7% used [0x00000007d7380000,0x00000007d73e8010,0x00000007d7900000)
  to   space 5632K, 0% used [0x00000007d6e00000,0x00000007d6e00000,0x00000007d7380000)
 ParOldGen       total 87040K, used 7910K [0x0000000780400000, 0x0000000785900000, 0x00000007d5680000)
  object space 87040K, 9% used [0x0000000780400000,0x0000000780bb9b10,0x0000000785900000)
 PSPermGen       total 21504K, used 8919K [0x000000077b200000, 0x000000077c700000, 0x0000000780400000)
  object space 21504K, 41% used [0x000000077b200000,0x000000077bab5e58,0x000000077c700000)
Event: 255.948 GC heap after
Heap after GC invocations=25 (full 0):
 PSYoungGen      total 24576K, used 416K [0x00000007d5680000, 0x00000007d7800000, 0x0000000800000000)
  eden space 24064K, 0% used [0x00000007d5680000,0x00000007d5680000,0x00000007d6e00000)
  from space 512K, 81% used [0x00000007d6e00000,0x00000007d6e68010,0x00000007d6e80000)
  to   space 5120K, 0% used [0x00000007d7300000,0x00000007d7300000,0x00000007d7800000)
 ParOldGen       total 87040K, used 7958K [0x0000000780400000, 0x0000000785900000, 0x00000007d5680000)
  object space 87040K, 9% used [0x0000000780400000,0x0000000780bc5b10,0x0000000785900000)
 PSPermGen       total 21504K, used 8919K [0x000000077b200000, 0x000000077c700000, 0x0000000780400000)
  object space 21504K, 41% used [0x000000077b200000,0x000000077bab5e58,0x000000077c700000)
}
Event: 262.267 GC heap before
{Heap before GC invocations=26 (full 0):
 PSYoungGen      total 24576K, used 24480K [0x00000007d5680000, 0x00000007d7800000, 0x0000000800000000)
  eden space 24064K, 100% used [0x00000007d5680000,0x00000007d6e00000,0x00000007d6e00000)
  from space 512K, 81% used [0x00000007d6e00000,0x00000007d6e68010,0x00000007d6e80000)
  to   space 5120K, 0% used [0x00000007d7300000,0x00000007d7300000,0x00000007d7800000)
 ParOldGen       total 87040K, used 7958K [0x0000000780400000, 0x0000000785900000, 0x00000007d5680000)
  object space 87040K, 9% used [0x0000000780400000,0x0000000780bc5b10,0x0000000785900000)
 PSPermGen       total 21504K, used 8925K [0x000000077b200000, 0x000000077c700000, 0x0000000780400000)
  object space 21504K, 41% used [0x000000077b200000,0x000000077bab7618,0x000000077c700000)
Event: 262.268 GC heap after
Heap after GC invocations=26 (full 0):
 PSYoungGen      total 29184K, used 448K [0x00000007d5680000, 0x00000007d7800000, 0x0000000800000000)
  eden space 24064K, 0% used [0x00000007d5680000,0x00000007d5680000,0x00000007d6e00000)
  from space 5120K, 8% used [0x00000007d7300000,0x00000007d7370010,0x00000007d7800000)
  to   space 5120K, 0% used [0x00000007d6e00000,0x00000007d6e00000,0x00000007d7300000)
 ParOldGen       total 87040K, used 8014K [0x0000000780400000, 0x0000000785900000, 0x00000007d5680000)
  object space 87040K, 9% used [0x0000000780400000,0x0000000780bd3b10,0x0000000785900000)
 PSPermGen       total 21504K, used 8925K [0x000000077b200000, 0x000000077c700000, 0x0000000780400000)
  object space 21504K, 41% used [0x000000077b200000,0x000000077bab7618,0x000000077c700000)
}
Event: 267.827 GC heap before
{Heap before GC invocations=27 (full 0):
 PSYoungGen      total 29184K, used 24512K [0x00000007d5680000, 0x00000007d7800000, 0x0000000800000000)
  eden space 24064K, 100% used [0x00000007d5680000,0x00000007d6e00000,0x00000007d6e00000)
  from space 5120K, 8% used [0x00000007d7300000,0x00000007d7370010,0x00000007d7800000)
  to   space 5120K, 0% used [0x00000007d6e00000,0x00000007d6e00000,0x00000007d7300000)
 ParOldGen       total 87040K, used 8014K [0x0000000780400000, 0x0000000785900000, 0x00000007d5680000)
  object space 87040K, 9% used [0x0000000780400000,0x0000000780bd3b10,0x0000000785900000)
 PSPermGen       total 21504K, used 8926K [0x000000077b200000, 0x000000077c700000, 0x0000000780400000)
  object space 21504K, 41% used [0x000000077b200000,0x000000077bab7928,0x000000077c700000)
Event: 267.829 GC heap after
Heap after GC invocations=27 (full 0):
 PSYoungGen      total 24576K, used 384K [0x00000007d5680000, 0x00000007d7700000, 0x0000000800000000)
  eden space 24064K, 0% used [0x00000007d5680000,0x00000007d5680000,0x00000007d6e00000)
  from space 512K, 75% used [0x00000007d6e00000,0x00000007d6e60010,0x00000007d6e80000)
  to   space 4608K, 0% used [0x00000007d7280000,0x00000007d7280000,0x00000007d7700000)
 ParOldGen       total 87040K, used 8062K [0x0000000780400000, 0x0000000785900000, 0x00000007d5680000)
  object space 87040K, 9% used [0x0000000780400000,0x0000000780bdfb10,0x0000000785900000)
 PSPermGen       total 21504K, used 8926K [0x000000077b200000, 0x000000077c700000, 0x0000000780400000)
  object space 21504K, 41% used [0x000000077b200000,0x000000077bab7928,0x000000077c700000)
}
Event: 273.387 GC heap before
{Heap before GC invocations=28 (full 0):
 PSYoungGen      total 24576K, used 24448K [0x00000007d5680000, 0x00000007d7700000, 0x0000000800000000)
  eden space 24064K, 100% used [0x00000007d5680000,0x00000007d6e00000,0x00000007d6e00000)
  from space 512K, 75% used [0x00000007d6e00000,0x00000007d6e60010,0x00000007d6e80000)
  to   space 4608K, 0% used [0x00000007d7280000,0x00000007d7280000,0x00000007d7700000)
 ParOldGen       total 87040K, used 8062K [0x0000000780400000, 0x0000000785900000, 0x00000007d5680000)
  object space 87040K, 9% used [0x0000000780400000,0x0000000780bdfb10,0x0000000785900000)
 PSPermGen       total 21504K, used 8926K [0x000000077b200000, 0x000000077c700000, 0x0000000780400000)
  object space 21504K, 41% used [0x000000077b200000,0x000000077bab7928,0x000000077c700000)
Event: 273.389 GC heap after
Heap after GC invocations=28 (full 0):
 PSYoungGen      total 28672K, used 384K [0x00000007d5680000, 0x00000007d7700000, 0x0000000800000000)
  eden space 24064K, 0% used [0x00000007d5680000,0x00000007d5680000,0x00000007d6e00000)
  from space 4608K, 8% used [0x00000007d7280000,0x00000007d72e0010,0x00000007d7700000)
  to   space 4608K, 0% used [0x00000007d6e00000,0x00000007d6e00000,0x00000007d7280000)
 ParOldGen       total 87040K, used 8086K [0x0000000780400000, 0x0000000785900000, 0x00000007d5680000)
  object space 87040K, 9% used [0x0000000780400000,0x0000000780be5b10,0x0000000785900000)
 PSPermGen       total 21504K, used 8926K [0x000000077b200000, 0x000000077c700000, 0x0000000780400000)
  object space 21504K, 41% used [0x000000077b200000,0x000000077bab7928,0x000000077c700000)
}

